********************************************************************************
* Unified simulation Tcl App stack trace dump
*
* File: .usf.tcl_error.log (Wed Apr 23 15:09:19 2025)
*
* This file is generated by the unified simulation automation and contains the
* tcl stack trace of error returned by the simulator App for the current run.
*
********************************************************************************
ERROR: [Common 17-161] Invalid option value '' specified for 'object'.

    while executing
"get_property "xsim.elaborate.snapshot" $a_sim_vars(fs_obj)"
    (procedure "usf_xsim_get_snapshot" line 8)
    invoked from within
"usf_xsim_get_snapshot"
    (procedure "usf_xsim_setup_simulation" line 17)
    invoked from within
"usf_xsim_setup_simulation"
    (procedure "tclapp::xilinx::xsim::setup" line 29)
    invoked from within
"tclapp::xilinx::xsim::setup { -simset sim_2 -mode behavioral -run_dir C:/Users/marce/OneDrive/Desktop/zync_proj/2024.2/zybo_z7_20/spi_to_axis/spi_to_a..."
