Copyright 1986-2022 Xilinx, Inc. All Rights Reserved. Copyright 2022-2024 Advanced Micro Devices, Inc. All Rights Reserved.
---------------------------------------------------------------------------------------------------------------------------------------------
| Tool Version : Vivado v.2024.2 (win64) Build 5239630 Fri Nov 08 22:35:27 MST 2024
| Date         : Fri Mar 28 11:37:13 2025
| Host         : LAPTOP-UKM8GMC3 running 64-bit major release  (build 9200)
| Command      : report_drc -file hw_proj1_wrapper_drc_routed.rpt -pb hw_proj1_wrapper_drc_routed.pb -rpx hw_proj1_wrapper_drc_routed.rpx
| Design       : hw_proj1_wrapper
| Device       : xc7z020clg400-1
| Speed File   : -1
| Design State : Fully Routed
---------------------------------------------------------------------------------------------------------------------------------------------

Report DRC

Table of Contents
-----------------
1. REPORT SUMMARY
2. REPORT DETAILS

1. REPORT SUMMARY
-----------------
            Netlist: netlist
          Floorplan: design_1
      Design limits: <entire design considered>
           Ruledeck: default
             Max checks: <unlimited>
             Checks found: 3
+-----------+----------+----------------------------+--------+
| Rule      | Severity | Description                | Checks |
+-----------+----------+----------------------------+--------+
| PDRC-134  | Warning  | SLICE_PairEqSame_B6B5_WARN | 1      |
| PDRC-136  | Warning  | SLICE_PairEqSame_C6C5_WARN | 1      |
| RTSTAT-10 | Warning  | No routable loads          | 1      |
+-----------+----------+----------------------------+--------+

2. REPORT DETAILS
-----------------
PDRC-134#1 Warning
SLICE_PairEqSame_B6B5_WARN  
Luts B6LUT and B5LUT in use in site SLICE_X29Y97 with different equations without A6 pin connected to Global Logic High.
Related violations: <none>

PDRC-136#1 Warning
SLICE_PairEqSame_C6C5_WARN  
Luts C6LUT and C5LUT in use in site SLICE_X29Y97 with different equations without A6 pin connected to Global Logic High.
Related violations: <none>

RTSTAT-10#1 Warning
No routable loads  
15 net(s) have no routable loads. The problem bus(es) and/or net(s) are hw_proj1_i/axi_smc/inst/s00_nodes/s00_w_node/inst/mi_handler_m_sc_areset_pipe,
hw_proj1_i/axi_smc/inst/m01_nodes/m01_w_node/inst/mi_handler_m_sc_areset_pipe,
hw_proj1_i/axi_smc/inst/m01_nodes/m01_aw_node/inst/mi_handler_m_sc_areset_pipe,
hw_proj1_i/axi_smc/inst/m00_nodes/m00_aw_node/inst/mi_handler_m_sc_areset_pipe,
hw_proj1_i/axi_smc/inst/m00_nodes/m00_ar_node/inst/mi_handler_m_sc_areset_pipe,
hw_proj1_i/axi_smc/inst/m01_nodes/m01_b_node/inst/mi_handler_m_sc_areset_pipe,
hw_proj1_i/axi_smc/inst/s00_nodes/s00_b_node/inst/mi_handler_m_sc_areset_pipe,
hw_proj1_i/axi_smc/inst/s00_nodes/s00_ar_node/inst/mi_handler_m_sc_areset_pipe,
hw_proj1_i/axi_smc/inst/m01_nodes/m01_ar_node/inst/mi_handler_m_sc_areset_pipe,
hw_proj1_i/axi_smc/inst/s00_nodes/s00_aw_node/inst/mi_handler_m_sc_areset_pipe,
hw_proj1_i/axi_smc/inst/m00_nodes/m00_b_node/inst/mi_handler_m_sc_areset_pipe,
hw_proj1_i/axi_smc/inst/m00_nodes/m00_r_node/inst/mi_handler_m_sc_areset_pipe,
hw_proj1_i/axi_smc/inst/m00_nodes/m00_w_node/inst/mi_handler_m_sc_areset_pipe
hw_proj1_i/axi_smc/inst/m01_nodes/m01_r_node/inst/mi_handler_m_sc_areset_pipe.
Related violations: <none>


