
*** Running vivado
    with args -log spi_to_dma_wrapper.vdi -applog -m64 -product Vivado -messageDb vivado.pb -mode batch -source spi_to_dma_wrapper.tcl -notrace



****** Vivado v2024.2 (64-bit)
  **** SW Build 5239630 on Fri Nov 08 22:35:27 MST 2024
  **** IP Build 5239520 on Sun Nov 10 16:12:51 MST 2024
  **** SharedData Build 5239561 on Fri Nov 08 14:39:27 MST 2024
  **** Start of session at: Thu May 15 15:17:48 2025
    ** Copyright 1986-2022 Xilinx, Inc. All Rights Reserved.
    ** Copyright 2022-2024 Advanced Micro Devices, Inc. All Rights Reserved.

source spi_to_dma_wrapper.tcl -notrace
INFO: [IP_Flow 19-234] Refreshing IP repositories
INFO: [IP_Flow 19-1700] Loaded user IP repository 'c:/Users/marce/OneDrive/Dokumente/zynq_project/spi_to_axis_module'.
INFO: [IP_Flow 19-1700] Loaded user IP repository 'c:/Users/marce/OneDrive/Dokumente/zynq_project/ip/spi_to_axis_module'.
INFO: [IP_Flow 19-1700] Loaded user IP repository 'c:/Users/marce/OneDrive/Dokumente/zynq_project/ip/spi_fifo_axis'.
INFO: [IP_Flow 19-2313] Loaded Vivado IP repository 'C:/Xilinx/Vivado/2024.2/data/ip'.
add_files: Time (s): cpu = 00:00:06 ; elapsed = 00:00:06 . Memory (MB): peak = 497.078 ; gain = 102.270
Command: link_design -top spi_to_dma_wrapper -part xc7z020clg400-1
Design is defaulting to srcset: sources_1
Design is defaulting to constrset: constrs_1
INFO: [Device 21-403] Loading part xc7z020clg400-1
INFO: [Project 1-454] Reading design checkpoint 'c:/Users/marce/OneDrive/Dokumente/zynq_project/spi_to_dma/spi_to_dma.gen/sources_1/bd/spi_to_dma/ip/spi_to_dma_axi_dma_0_0/spi_to_dma_axi_dma_0_0.dcp' for cell 'spi_to_dma_i/axi_dma_0'
INFO: [Project 1-454] Reading design checkpoint 'c:/Users/marce/OneDrive/Dokumente/zynq_project/spi_to_dma/spi_to_dma.gen/sources_1/bd/spi_to_dma/ip/spi_to_dma_axi_gpio_0_1/spi_to_dma_axi_gpio_0_1.dcp' for cell 'spi_to_dma_i/axi_gpio'
INFO: [Project 1-454] Reading design checkpoint 'c:/Users/marce/OneDrive/Dokumente/zynq_project/spi_to_dma/spi_to_dma.gen/sources_1/bd/spi_to_dma/ip/spi_to_dma_axi_quad_spi_0_0/spi_to_dma_axi_quad_spi_0_0.dcp' for cell 'spi_to_dma_i/axi_quad_spi_0'
INFO: [Project 1-454] Reading design checkpoint 'c:/Users/marce/OneDrive/Dokumente/zynq_project/spi_to_dma/spi_to_dma.gen/sources_1/bd/spi_to_dma/ip/spi_to_dma_axi_smc_0/spi_to_dma_axi_smc_0.dcp' for cell 'spi_to_dma_i/axi_smc'
INFO: [Project 1-454] Reading design checkpoint 'c:/Users/marce/OneDrive/Dokumente/zynq_project/spi_to_dma/spi_to_dma.gen/sources_1/bd/spi_to_dma/ip/spi_to_dma_ila_2_0/spi_to_dma_ila_2_0.dcp' for cell 'spi_to_dma_i/ila_axis_en'
INFO: [Project 1-454] Reading design checkpoint 'c:/Users/marce/OneDrive/Dokumente/zynq_project/spi_to_dma/spi_to_dma.gen/sources_1/bd/spi_to_dma/ip/spi_to_dma_ila_0_0/spi_to_dma_ila_0_0.dcp' for cell 'spi_to_dma_i/ila_dma_axi4'
INFO: [Project 1-454] Reading design checkpoint 'c:/Users/marce/OneDrive/Dokumente/zynq_project/spi_to_dma/spi_to_dma.gen/sources_1/bd/spi_to_dma/ip/spi_to_dma_ila_0_1/spi_to_dma_ila_0_1.dcp' for cell 'spi_to_dma_i/ila_intr'
INFO: [Project 1-454] Reading design checkpoint 'c:/Users/marce/OneDrive/Dokumente/zynq_project/spi_to_dma/spi_to_dma.gen/sources_1/bd/spi_to_dma/ip/spi_to_dma_processing_system7_0_0/spi_to_dma_processing_system7_0_0.dcp' for cell 'spi_to_dma_i/processing_system7_0'
INFO: [Project 1-454] Reading design checkpoint 'c:/Users/marce/OneDrive/Dokumente/zynq_project/spi_to_dma/spi_to_dma.gen/sources_1/bd/spi_to_dma/ip/spi_to_dma_rst_ps7_0_50M_0/spi_to_dma_rst_ps7_0_50M_0.dcp' for cell 'spi_to_dma_i/rst_ps7_0_50M'
INFO: [Project 1-454] Reading design checkpoint 'c:/Users/marce/OneDrive/Dokumente/zynq_project/spi_to_dma/spi_to_dma.gen/sources_1/bd/spi_to_dma/ip/spi_to_dma_spi_fifo_axis_module_0_0/spi_to_dma_spi_fifo_axis_module_0_0.dcp' for cell 'spi_to_dma_i/spi_fifo_axis_module_0'
INFO: [Project 1-454] Reading design checkpoint 'c:/Users/marce/OneDrive/Dokumente/zynq_project/spi_to_dma/spi_to_dma.gen/sources_1/bd/spi_to_dma/ip/spi_to_dma_spi_multiplexer_0_1/spi_to_dma_spi_multiplexer_0_1.dcp' for cell 'spi_to_dma_i/spi_multiplexer_0'
INFO: [Project 1-454] Reading design checkpoint 'c:/Users/marce/OneDrive/Dokumente/zynq_project/spi_to_dma/spi_to_dma.gen/sources_1/bd/spi_to_dma/ip/spi_to_dma_axi_mem_intercon_imp_auto_pc_0/spi_to_dma_axi_mem_intercon_imp_auto_pc_0.dcp' for cell 'spi_to_dma_i/axi_mem_intercon/s00_couplers/auto_pc'
INFO: [Project 1-454] Reading design checkpoint 'c:/Users/marce/OneDrive/Dokumente/zynq_project/spi_to_dma/spi_to_dma.gen/sources_1/bd/spi_to_dma/ip/spi_to_dma_axi_mem_intercon_imp_auto_us_0/spi_to_dma_axi_mem_intercon_imp_auto_us_0.dcp' for cell 'spi_to_dma_i/axi_mem_intercon/s00_couplers/auto_us'
Netlist sorting complete. Time (s): cpu = 00:00:00 ; elapsed = 00:00:00.387 . Memory (MB): peak = 835.184 ; gain = 0.000
INFO: [Netlist 29-17] Analyzing 992 Unisim elements for replacement
INFO: [Netlist 29-28] Unisim Transformation completed in 0 CPU seconds
INFO: [Project 1-479] Netlist was created with Vivado 2024.2
INFO: [Project 1-570] Preparing netlist for logic optimization
INFO: [Chipscope 16-324] Core: spi_to_dma_i/ila_axis_en UUID: f88eac53-23ac-555b-8f55-d3928495bac4 
INFO: [Chipscope 16-324] Core: spi_to_dma_i/ila_dma_axi4 UUID: 42aac317-5513-5555-9d4d-52fbd4cc9b48 
INFO: [Chipscope 16-324] Core: spi_to_dma_i/ila_intr UUID: eaead0ff-3213-573b-b566-9b66cf4d8090 
Parsing XDC File [c:/Users/marce/OneDrive/Dokumente/zynq_project/spi_to_dma/spi_to_dma.gen/sources_1/bd/spi_to_dma/ip/spi_to_dma_processing_system7_0_0/spi_to_dma_processing_system7_0_0.xdc] for cell 'spi_to_dma_i/processing_system7_0/inst'
Finished Parsing XDC File [c:/Users/marce/OneDrive/Dokumente/zynq_project/spi_to_dma/spi_to_dma.gen/sources_1/bd/spi_to_dma/ip/spi_to_dma_processing_system7_0_0/spi_to_dma_processing_system7_0_0.xdc] for cell 'spi_to_dma_i/processing_system7_0/inst'
Parsing XDC File [c:/Users/marce/OneDrive/Dokumente/zynq_project/spi_to_dma/spi_to_dma.gen/sources_1/bd/spi_to_dma/ip/spi_to_dma_axi_dma_0_0/spi_to_dma_axi_dma_0_0.xdc] for cell 'spi_to_dma_i/axi_dma_0/U0'
WARNING: [Vivado_Tcl 4-921] Waiver ID 'CDC-1' -to list should not be empty. [c:/Users/marce/OneDrive/Dokumente/zynq_project/spi_to_dma/spi_to_dma.gen/sources_1/bd/spi_to_dma/ip/spi_to_dma_axi_dma_0_0/spi_to_dma_axi_dma_0_0.xdc:52]
WARNING: [Vivado_Tcl 4-921] Waiver ID 'CDC-1' -to list should not be empty. [c:/Users/marce/OneDrive/Dokumente/zynq_project/spi_to_dma/spi_to_dma.gen/sources_1/bd/spi_to_dma/ip/spi_to_dma_axi_dma_0_0/spi_to_dma_axi_dma_0_0.xdc:56]
WARNING: [Vivado_Tcl 4-919] Waiver ID 'CDC-1' -from list should not be empty. [c:/Users/marce/OneDrive/Dokumente/zynq_project/spi_to_dma/spi_to_dma.gen/sources_1/bd/spi_to_dma/ip/spi_to_dma_axi_dma_0_0/spi_to_dma_axi_dma_0_0.xdc:61]
Finished Parsing XDC File [c:/Users/marce/OneDrive/Dokumente/zynq_project/spi_to_dma/spi_to_dma.gen/sources_1/bd/spi_to_dma/ip/spi_to_dma_axi_dma_0_0/spi_to_dma_axi_dma_0_0.xdc] for cell 'spi_to_dma_i/axi_dma_0/U0'
Parsing XDC File [c:/Users/marce/OneDrive/Dokumente/zynq_project/spi_to_dma/spi_to_dma.gen/sources_1/bd/spi_to_dma/ip/spi_to_dma_axi_smc_0/bd_0/ip/ip_1/bd_2a6b_psr_aclk_0_board.xdc] for cell 'spi_to_dma_i/axi_smc/inst/clk_map/psr_aclk/U0'
Finished Parsing XDC File [c:/Users/marce/OneDrive/Dokumente/zynq_project/spi_to_dma/spi_to_dma.gen/sources_1/bd/spi_to_dma/ip/spi_to_dma_axi_smc_0/bd_0/ip/ip_1/bd_2a6b_psr_aclk_0_board.xdc] for cell 'spi_to_dma_i/axi_smc/inst/clk_map/psr_aclk/U0'
Parsing XDC File [c:/Users/marce/OneDrive/Dokumente/zynq_project/spi_to_dma/spi_to_dma.gen/sources_1/bd/spi_to_dma/ip/spi_to_dma_axi_smc_0/bd_0/ip/ip_1/bd_2a6b_psr_aclk_0.xdc] for cell 'spi_to_dma_i/axi_smc/inst/clk_map/psr_aclk/U0'
Finished Parsing XDC File [c:/Users/marce/OneDrive/Dokumente/zynq_project/spi_to_dma/spi_to_dma.gen/sources_1/bd/spi_to_dma/ip/spi_to_dma_axi_smc_0/bd_0/ip/ip_1/bd_2a6b_psr_aclk_0.xdc] for cell 'spi_to_dma_i/axi_smc/inst/clk_map/psr_aclk/U0'
Parsing XDC File [c:/Users/marce/OneDrive/Dokumente/zynq_project/spi_to_dma/spi_to_dma.gen/sources_1/bd/spi_to_dma/ip/spi_to_dma_axi_smc_0/smartconnect.xdc] for cell 'spi_to_dma_i/axi_smc/inst'
Finished Parsing XDC File [c:/Users/marce/OneDrive/Dokumente/zynq_project/spi_to_dma/spi_to_dma.gen/sources_1/bd/spi_to_dma/ip/spi_to_dma_axi_smc_0/smartconnect.xdc] for cell 'spi_to_dma_i/axi_smc/inst'
Parsing XDC File [c:/Users/marce/OneDrive/Dokumente/zynq_project/spi_to_dma/spi_to_dma.gen/sources_1/bd/spi_to_dma/ip/spi_to_dma_rst_ps7_0_50M_0/spi_to_dma_rst_ps7_0_50M_0_board.xdc] for cell 'spi_to_dma_i/rst_ps7_0_50M/U0'
Finished Parsing XDC File [c:/Users/marce/OneDrive/Dokumente/zynq_project/spi_to_dma/spi_to_dma.gen/sources_1/bd/spi_to_dma/ip/spi_to_dma_rst_ps7_0_50M_0/spi_to_dma_rst_ps7_0_50M_0_board.xdc] for cell 'spi_to_dma_i/rst_ps7_0_50M/U0'
Parsing XDC File [c:/Users/marce/OneDrive/Dokumente/zynq_project/spi_to_dma/spi_to_dma.gen/sources_1/bd/spi_to_dma/ip/spi_to_dma_rst_ps7_0_50M_0/spi_to_dma_rst_ps7_0_50M_0.xdc] for cell 'spi_to_dma_i/rst_ps7_0_50M/U0'
Finished Parsing XDC File [c:/Users/marce/OneDrive/Dokumente/zynq_project/spi_to_dma/spi_to_dma.gen/sources_1/bd/spi_to_dma/ip/spi_to_dma_rst_ps7_0_50M_0/spi_to_dma_rst_ps7_0_50M_0.xdc] for cell 'spi_to_dma_i/rst_ps7_0_50M/U0'
Parsing XDC File [c:/Users/marce/OneDrive/Dokumente/zynq_project/spi_to_dma/spi_to_dma.gen/sources_1/bd/spi_to_dma/ip/spi_to_dma_axi_quad_spi_0_0/spi_to_dma_axi_quad_spi_0_0_board.xdc] for cell 'spi_to_dma_i/axi_quad_spi_0/U0'
Finished Parsing XDC File [c:/Users/marce/OneDrive/Dokumente/zynq_project/spi_to_dma/spi_to_dma.gen/sources_1/bd/spi_to_dma/ip/spi_to_dma_axi_quad_spi_0_0/spi_to_dma_axi_quad_spi_0_0_board.xdc] for cell 'spi_to_dma_i/axi_quad_spi_0/U0'
Parsing XDC File [c:/Users/marce/OneDrive/Dokumente/zynq_project/spi_to_dma/spi_to_dma.gen/sources_1/bd/spi_to_dma/ip/spi_to_dma_axi_quad_spi_0_0/spi_to_dma_axi_quad_spi_0_0.xdc] for cell 'spi_to_dma_i/axi_quad_spi_0/U0'
Finished Parsing XDC File [c:/Users/marce/OneDrive/Dokumente/zynq_project/spi_to_dma/spi_to_dma.gen/sources_1/bd/spi_to_dma/ip/spi_to_dma_axi_quad_spi_0_0/spi_to_dma_axi_quad_spi_0_0.xdc] for cell 'spi_to_dma_i/axi_quad_spi_0/U0'
Parsing XDC File [c:/Users/marce/OneDrive/Dokumente/zynq_project/spi_to_dma/spi_to_dma.gen/sources_1/bd/spi_to_dma/ip/spi_to_dma_axi_gpio_0_1/spi_to_dma_axi_gpio_0_1_board.xdc] for cell 'spi_to_dma_i/axi_gpio/U0'
Finished Parsing XDC File [c:/Users/marce/OneDrive/Dokumente/zynq_project/spi_to_dma/spi_to_dma.gen/sources_1/bd/spi_to_dma/ip/spi_to_dma_axi_gpio_0_1/spi_to_dma_axi_gpio_0_1_board.xdc] for cell 'spi_to_dma_i/axi_gpio/U0'
Parsing XDC File [c:/Users/marce/OneDrive/Dokumente/zynq_project/spi_to_dma/spi_to_dma.gen/sources_1/bd/spi_to_dma/ip/spi_to_dma_axi_gpio_0_1/spi_to_dma_axi_gpio_0_1.xdc] for cell 'spi_to_dma_i/axi_gpio/U0'
Finished Parsing XDC File [c:/Users/marce/OneDrive/Dokumente/zynq_project/spi_to_dma/spi_to_dma.gen/sources_1/bd/spi_to_dma/ip/spi_to_dma_axi_gpio_0_1/spi_to_dma_axi_gpio_0_1.xdc] for cell 'spi_to_dma_i/axi_gpio/U0'
Parsing XDC File [c:/Users/marce/OneDrive/Dokumente/zynq_project/spi_to_dma/spi_to_dma.gen/sources_1/bd/spi_to_dma/ip/spi_to_dma_ila_0_0/ila_v6_2/constraints/ila_impl.xdc] for cell 'spi_to_dma_i/ila_dma_axi4/inst'
Finished Parsing XDC File [c:/Users/marce/OneDrive/Dokumente/zynq_project/spi_to_dma/spi_to_dma.gen/sources_1/bd/spi_to_dma/ip/spi_to_dma_ila_0_0/ila_v6_2/constraints/ila_impl.xdc] for cell 'spi_to_dma_i/ila_dma_axi4/inst'
Parsing XDC File [c:/Users/marce/OneDrive/Dokumente/zynq_project/spi_to_dma/spi_to_dma.gen/sources_1/bd/spi_to_dma/ip/spi_to_dma_ila_0_0/ila_v6_2/constraints/ila.xdc] for cell 'spi_to_dma_i/ila_dma_axi4/inst'
Finished Parsing XDC File [c:/Users/marce/OneDrive/Dokumente/zynq_project/spi_to_dma/spi_to_dma.gen/sources_1/bd/spi_to_dma/ip/spi_to_dma_ila_0_0/ila_v6_2/constraints/ila.xdc] for cell 'spi_to_dma_i/ila_dma_axi4/inst'
Parsing XDC File [c:/Users/marce/OneDrive/Dokumente/zynq_project/spi_to_dma/spi_to_dma.gen/sources_1/bd/spi_to_dma/ip/spi_to_dma_ila_0_1/ila_v6_2/constraints/ila_impl.xdc] for cell 'spi_to_dma_i/ila_intr/inst'
Finished Parsing XDC File [c:/Users/marce/OneDrive/Dokumente/zynq_project/spi_to_dma/spi_to_dma.gen/sources_1/bd/spi_to_dma/ip/spi_to_dma_ila_0_1/ila_v6_2/constraints/ila_impl.xdc] for cell 'spi_to_dma_i/ila_intr/inst'
Parsing XDC File [c:/Users/marce/OneDrive/Dokumente/zynq_project/spi_to_dma/spi_to_dma.gen/sources_1/bd/spi_to_dma/ip/spi_to_dma_ila_0_1/ila_v6_2/constraints/ila.xdc] for cell 'spi_to_dma_i/ila_intr/inst'
Finished Parsing XDC File [c:/Users/marce/OneDrive/Dokumente/zynq_project/spi_to_dma/spi_to_dma.gen/sources_1/bd/spi_to_dma/ip/spi_to_dma_ila_0_1/ila_v6_2/constraints/ila.xdc] for cell 'spi_to_dma_i/ila_intr/inst'
Parsing XDC File [c:/Users/marce/OneDrive/Dokumente/zynq_project/spi_to_dma/spi_to_dma.gen/sources_1/bd/spi_to_dma/ip/spi_to_dma_ila_2_0/ila_v6_2/constraints/ila_impl.xdc] for cell 'spi_to_dma_i/ila_axis_en/inst'
Finished Parsing XDC File [c:/Users/marce/OneDrive/Dokumente/zynq_project/spi_to_dma/spi_to_dma.gen/sources_1/bd/spi_to_dma/ip/spi_to_dma_ila_2_0/ila_v6_2/constraints/ila_impl.xdc] for cell 'spi_to_dma_i/ila_axis_en/inst'
Parsing XDC File [c:/Users/marce/OneDrive/Dokumente/zynq_project/spi_to_dma/spi_to_dma.gen/sources_1/bd/spi_to_dma/ip/spi_to_dma_ila_2_0/ila_v6_2/constraints/ila.xdc] for cell 'spi_to_dma_i/ila_axis_en/inst'
Finished Parsing XDC File [c:/Users/marce/OneDrive/Dokumente/zynq_project/spi_to_dma/spi_to_dma.gen/sources_1/bd/spi_to_dma/ip/spi_to_dma_ila_2_0/ila_v6_2/constraints/ila.xdc] for cell 'spi_to_dma_i/ila_axis_en/inst'
Parsing XDC File [c:/Users/marce/OneDrive/Dokumente/zynq_project/spi_to_dma/spi_to_dma.gen/sources_1/bd/spi_to_dma/ip/spi_to_dma_spi_fifo_axis_module_0_0/src/spi_fifo_axis_module_fifo_generator_0_0/spi_fifo_axis_module_fifo_generator_0_0.xdc] for cell 'spi_to_dma_i/spi_fifo_axis_module_0/inst/fifo_generator_0/U0'
Finished Parsing XDC File [c:/Users/marce/OneDrive/Dokumente/zynq_project/spi_to_dma/spi_to_dma.gen/sources_1/bd/spi_to_dma/ip/spi_to_dma_spi_fifo_axis_module_0_0/src/spi_fifo_axis_module_fifo_generator_0_0/spi_fifo_axis_module_fifo_generator_0_0.xdc] for cell 'spi_to_dma_i/spi_fifo_axis_module_0/inst/fifo_generator_0/U0'
Parsing XDC File [C:/Users/marce/OneDrive/Dokumente/zynq_project/spi_to_dma/spi_to_dma.srcs/constrs_1/imports/constraints/main_constraints.xdc]
Finished Parsing XDC File [C:/Users/marce/OneDrive/Dokumente/zynq_project/spi_to_dma/spi_to_dma.srcs/constrs_1/imports/constraints/main_constraints.xdc]
Parsing XDC File [c:/Users/marce/OneDrive/Dokumente/zynq_project/spi_to_dma/spi_to_dma.gen/sources_1/bd/spi_to_dma/ip/spi_to_dma_axi_dma_0_0/spi_to_dma_axi_dma_0_0_clocks.xdc] for cell 'spi_to_dma_i/axi_dma_0/U0'
Finished Parsing XDC File [c:/Users/marce/OneDrive/Dokumente/zynq_project/spi_to_dma/spi_to_dma.gen/sources_1/bd/spi_to_dma/ip/spi_to_dma_axi_dma_0_0/spi_to_dma_axi_dma_0_0_clocks.xdc] for cell 'spi_to_dma_i/axi_dma_0/U0'
Parsing XDC File [c:/Users/marce/OneDrive/Dokumente/zynq_project/spi_to_dma/spi_to_dma.gen/sources_1/bd/spi_to_dma/ip/spi_to_dma_axi_mem_intercon_imp_auto_us_0/spi_to_dma_axi_mem_intercon_imp_auto_us_0_clocks.xdc] for cell 'spi_to_dma_i/axi_mem_intercon/s00_couplers/auto_us/inst'
WARNING: [Vivado_Tcl 4-921] Waiver ID 'CDC-1' -to list should not be empty. [c:/Users/marce/OneDrive/Dokumente/zynq_project/spi_to_dma/spi_to_dma.gen/sources_1/bd/spi_to_dma/ip/spi_to_dma_axi_mem_intercon_imp_auto_us_0/spi_to_dma_axi_mem_intercon_imp_auto_us_0_clocks.xdc:9]
WARNING: [Vivado_Tcl 4-921] Waiver ID 'CDC-1' -to list should not be empty. [c:/Users/marce/OneDrive/Dokumente/zynq_project/spi_to_dma/spi_to_dma.gen/sources_1/bd/spi_to_dma/ip/spi_to_dma_axi_mem_intercon_imp_auto_us_0/spi_to_dma_axi_mem_intercon_imp_auto_us_0_clocks.xdc:12]
WARNING: [Vivado_Tcl 4-921] Waiver ID 'CDC-1' -to list should not be empty. [c:/Users/marce/OneDrive/Dokumente/zynq_project/spi_to_dma/spi_to_dma.gen/sources_1/bd/spi_to_dma/ip/spi_to_dma_axi_mem_intercon_imp_auto_us_0/spi_to_dma_axi_mem_intercon_imp_auto_us_0_clocks.xdc:15]
WARNING: [Vivado_Tcl 4-921] Waiver ID 'CDC-1' -to list should not be empty. [c:/Users/marce/OneDrive/Dokumente/zynq_project/spi_to_dma/spi_to_dma.gen/sources_1/bd/spi_to_dma/ip/spi_to_dma_axi_mem_intercon_imp_auto_us_0/spi_to_dma_axi_mem_intercon_imp_auto_us_0_clocks.xdc:18]
WARNING: [Vivado_Tcl 4-921] Waiver ID 'CDC-1' -to list should not be empty. [c:/Users/marce/OneDrive/Dokumente/zynq_project/spi_to_dma/spi_to_dma.gen/sources_1/bd/spi_to_dma/ip/spi_to_dma_axi_mem_intercon_imp_auto_us_0/spi_to_dma_axi_mem_intercon_imp_auto_us_0_clocks.xdc:21]
WARNING: [Vivado_Tcl 4-921] Waiver ID 'CDC-1' -to list should not be empty. [c:/Users/marce/OneDrive/Dokumente/zynq_project/spi_to_dma/spi_to_dma.gen/sources_1/bd/spi_to_dma/ip/spi_to_dma_axi_mem_intercon_imp_auto_us_0/spi_to_dma_axi_mem_intercon_imp_auto_us_0_clocks.xdc:24]
WARNING: [Vivado_Tcl 4-921] Waiver ID 'CDC-1' -to list should not be empty. [c:/Users/marce/OneDrive/Dokumente/zynq_project/spi_to_dma/spi_to_dma.gen/sources_1/bd/spi_to_dma/ip/spi_to_dma_axi_mem_intercon_imp_auto_us_0/spi_to_dma_axi_mem_intercon_imp_auto_us_0_clocks.xdc:27]
WARNING: [Vivado_Tcl 4-921] Waiver ID 'CDC-1' -to list should not be empty. [c:/Users/marce/OneDrive/Dokumente/zynq_project/spi_to_dma/spi_to_dma.gen/sources_1/bd/spi_to_dma/ip/spi_to_dma_axi_mem_intercon_imp_auto_us_0/spi_to_dma_axi_mem_intercon_imp_auto_us_0_clocks.xdc:33]
WARNING: [Vivado_Tcl 4-921] Waiver ID 'CDC-1' -to list should not be empty. [c:/Users/marce/OneDrive/Dokumente/zynq_project/spi_to_dma/spi_to_dma.gen/sources_1/bd/spi_to_dma/ip/spi_to_dma_axi_mem_intercon_imp_auto_us_0/spi_to_dma_axi_mem_intercon_imp_auto_us_0_clocks.xdc:36]
WARNING: [Vivado_Tcl 4-921] Waiver ID 'CDC-10' -to list should not be empty. [c:/Users/marce/OneDrive/Dokumente/zynq_project/spi_to_dma/spi_to_dma.gen/sources_1/bd/spi_to_dma/ip/spi_to_dma_axi_mem_intercon_imp_auto_us_0/spi_to_dma_axi_mem_intercon_imp_auto_us_0_clocks.xdc:39]
WARNING: [Vivado_Tcl 4-921] Waiver ID 'CDC-10' -to list should not be empty. [c:/Users/marce/OneDrive/Dokumente/zynq_project/spi_to_dma/spi_to_dma.gen/sources_1/bd/spi_to_dma/ip/spi_to_dma_axi_mem_intercon_imp_auto_us_0/spi_to_dma_axi_mem_intercon_imp_auto_us_0_clocks.xdc:42]
WARNING: [Vivado_Tcl 4-921] Waiver ID 'CDC-10' -to list should not be empty. [c:/Users/marce/OneDrive/Dokumente/zynq_project/spi_to_dma/spi_to_dma.gen/sources_1/bd/spi_to_dma/ip/spi_to_dma_axi_mem_intercon_imp_auto_us_0/spi_to_dma_axi_mem_intercon_imp_auto_us_0_clocks.xdc:45]
WARNING: [Vivado_Tcl 4-921] Waiver ID 'CDC-2' -to list should not be empty. [c:/Users/marce/OneDrive/Dokumente/zynq_project/spi_to_dma/spi_to_dma.gen/sources_1/bd/spi_to_dma/ip/spi_to_dma_axi_mem_intercon_imp_auto_us_0/spi_to_dma_axi_mem_intercon_imp_auto_us_0_clocks.xdc:48]
WARNING: [Vivado_Tcl 4-921] Waiver ID 'CDC-11' -to list should not be empty. [c:/Users/marce/OneDrive/Dokumente/zynq_project/spi_to_dma/spi_to_dma.gen/sources_1/bd/spi_to_dma/ip/spi_to_dma_axi_mem_intercon_imp_auto_us_0/spi_to_dma_axi_mem_intercon_imp_auto_us_0_clocks.xdc:51]
WARNING: [Vivado_Tcl 4-921] Waiver ID 'CDC-11' -to list should not be empty. [c:/Users/marce/OneDrive/Dokumente/zynq_project/spi_to_dma/spi_to_dma.gen/sources_1/bd/spi_to_dma/ip/spi_to_dma_axi_mem_intercon_imp_auto_us_0/spi_to_dma_axi_mem_intercon_imp_auto_us_0_clocks.xdc:54]
Finished Parsing XDC File [c:/Users/marce/OneDrive/Dokumente/zynq_project/spi_to_dma/spi_to_dma.gen/sources_1/bd/spi_to_dma/ip/spi_to_dma_axi_mem_intercon_imp_auto_us_0/spi_to_dma_axi_mem_intercon_imp_auto_us_0_clocks.xdc] for cell 'spi_to_dma_i/axi_mem_intercon/s00_couplers/auto_us/inst'
Parsing XDC File [c:/Users/marce/OneDrive/Dokumente/zynq_project/spi_to_dma/spi_to_dma.gen/sources_1/bd/spi_to_dma/ip/spi_to_dma_axi_quad_spi_0_0/spi_to_dma_axi_quad_spi_0_0_clocks.xdc] for cell 'spi_to_dma_i/axi_quad_spi_0/U0'
INFO: [Timing 38-35] Done setting XDC timing constraints. [c:/Users/marce/OneDrive/Dokumente/zynq_project/spi_to_dma/spi_to_dma.gen/sources_1/bd/spi_to_dma/ip/spi_to_dma_axi_quad_spi_0_0/spi_to_dma_axi_quad_spi_0_0_clocks.xdc:50]
get_clocks: Time (s): cpu = 00:00:07 ; elapsed = 00:00:07 . Memory (MB): peak = 1607.055 ; gain = 598.938
Finished Parsing XDC File [c:/Users/marce/OneDrive/Dokumente/zynq_project/spi_to_dma/spi_to_dma.gen/sources_1/bd/spi_to_dma/ip/spi_to_dma_axi_quad_spi_0_0/spi_to_dma_axi_quad_spi_0_0_clocks.xdc] for cell 'spi_to_dma_i/axi_quad_spi_0/U0'
Parsing XDC File [c:/Users/marce/OneDrive/Dokumente/zynq_project/spi_to_dma/spi_to_dma.gen/sources_1/bd/spi_to_dma/ip/spi_to_dma_spi_fifo_axis_module_0_0/src/spi_fifo_axis_module_fifo_generator_0_0/spi_fifo_axis_module_fifo_generator_0_0_clocks.xdc] for cell 'spi_to_dma_i/spi_fifo_axis_module_0/inst/fifo_generator_0/U0'
Finished Parsing XDC File [c:/Users/marce/OneDrive/Dokumente/zynq_project/spi_to_dma/spi_to_dma.gen/sources_1/bd/spi_to_dma/ip/spi_to_dma_spi_fifo_axis_module_0_0/src/spi_fifo_axis_module_fifo_generator_0_0/spi_fifo_axis_module_fifo_generator_0_0_clocks.xdc] for cell 'spi_to_dma_i/spi_fifo_axis_module_0/inst/fifo_generator_0/U0'
WARNING: [XPM_CDC_GRAY: TCL-1000] The source and destination clocks are the same. 
     Instance: spi_to_dma_i/axi_quad_spi_0/U0/NO_DUAL_QUAD_MODE.QSPI_NORMAL/QSPI_LEGACY_MD_GEN.QSPI_CORE_INTERFACE_I/FIFO_EXISTS.TX_FIFO_II/xpm_fifo_instance.xpm_fifo_async_inst/gnuram_async_fifo.xpm_fifo_base_inst/gen_cdc_pntr.rd_pntr_cdc_inst 
  This will add unnecessary latency to the design. Please check the design for the following: 
 1) Manually instantiated XPM_CDC modules: AMD recommends that you remove these modules. 
 2) AMD IP that contains XPM_CDC modules: Verify the connections to the IP to determine whether you can safely ignore this message.
 [C:/Xilinx/Vivado/2024.2/data/ip/xpm/xpm_cdc/tcl/xpm_cdc_gray.tcl:16]
WARNING: [XPM_CDC_GRAY: TCL-1000] The source and destination clocks are the same. 
     Instance: spi_to_dma_i/axi_quad_spi_0/U0/NO_DUAL_QUAD_MODE.QSPI_NORMAL/QSPI_LEGACY_MD_GEN.QSPI_CORE_INTERFACE_I/FIFO_EXISTS.RX_FIFO_II/gnuram_async_fifo.xpm_fifo_base_inst/gen_cdc_pntr.wr_pntr_cdc_inst 
  This will add unnecessary latency to the design. Please check the design for the following: 
 1) Manually instantiated XPM_CDC modules: AMD recommends that you remove these modules. 
 2) AMD IP that contains XPM_CDC modules: Verify the connections to the IP to determine whether you can safely ignore this message.
 [C:/Xilinx/Vivado/2024.2/data/ip/xpm/xpm_cdc/tcl/xpm_cdc_gray.tcl:16]
WARNING: [XPM_CDC_GRAY: TCL-1000] The source and destination clocks are the same. 
     Instance: spi_to_dma_i/axi_quad_spi_0/U0/NO_DUAL_QUAD_MODE.QSPI_NORMAL/QSPI_LEGACY_MD_GEN.QSPI_CORE_INTERFACE_I/FIFO_EXISTS.RX_FIFO_II/gnuram_async_fifo.xpm_fifo_base_inst/gen_cdc_pntr.rd_pntr_cdc_inst 
  This will add unnecessary latency to the design. Please check the design for the following: 
 1) Manually instantiated XPM_CDC modules: AMD recommends that you remove these modules. 
 2) AMD IP that contains XPM_CDC modules: Verify the connections to the IP to determine whether you can safely ignore this message.
 [C:/Xilinx/Vivado/2024.2/data/ip/xpm/xpm_cdc/tcl/xpm_cdc_gray.tcl:16]
WARNING: [XPM_CDC_GRAY: TCL-1000] The source and destination clocks are the same. 
     Instance: spi_to_dma_i/axi_quad_spi_0/U0/NO_DUAL_QUAD_MODE.QSPI_NORMAL/QSPI_LEGACY_MD_GEN.QSPI_CORE_INTERFACE_I/FIFO_EXISTS.TX_FIFO_II/xpm_fifo_instance.xpm_fifo_async_inst/gnuram_async_fifo.xpm_fifo_base_inst/gen_cdc_pntr.wr_pntr_cdc_inst 
  This will add unnecessary latency to the design. Please check the design for the following: 
 1) Manually instantiated XPM_CDC modules: AMD recommends that you remove these modules. 
 2) AMD IP that contains XPM_CDC modules: Verify the connections to the IP to determine whether you can safely ignore this message.
 [C:/Xilinx/Vivado/2024.2/data/ip/xpm/xpm_cdc/tcl/xpm_cdc_gray.tcl:16]
WARNING: [XPM_CDC_GRAY: TCL-1000] The source and destination clocks are the same. 
     Instance: spi_to_dma_i/axi_quad_spi_0/U0/NO_DUAL_QUAD_MODE.QSPI_NORMAL/QSPI_LEGACY_MD_GEN.QSPI_CORE_INTERFACE_I/FIFO_EXISTS.TX_FIFO_II/xpm_fifo_instance.xpm_fifo_async_inst/gnuram_async_fifo.xpm_fifo_base_inst/gen_cdc_pntr.wr_pntr_cdc_dc_inst 
  This will add unnecessary latency to the design. Please check the design for the following: 
 1) Manually instantiated XPM_CDC modules: AMD recommends that you remove these modules. 
 2) AMD IP that contains XPM_CDC modules: Verify the connections to the IP to determine whether you can safely ignore this message.
 [C:/Xilinx/Vivado/2024.2/data/ip/xpm/xpm_cdc/tcl/xpm_cdc_gray.tcl:16]
WARNING: [XPM_CDC_GRAY: TCL-1000] The source and destination clocks are the same. 
     Instance: spi_to_dma_i/axi_quad_spi_0/U0/NO_DUAL_QUAD_MODE.QSPI_NORMAL/QSPI_LEGACY_MD_GEN.QSPI_CORE_INTERFACE_I/FIFO_EXISTS.RX_FIFO_II/gnuram_async_fifo.xpm_fifo_base_inst/gen_cdc_pntr.wr_pntr_cdc_dc_inst 
  This will add unnecessary latency to the design. Please check the design for the following: 
 1) Manually instantiated XPM_CDC modules: AMD recommends that you remove these modules. 
 2) AMD IP that contains XPM_CDC modules: Verify the connections to the IP to determine whether you can safely ignore this message.
 [C:/Xilinx/Vivado/2024.2/data/ip/xpm/xpm_cdc/tcl/xpm_cdc_gray.tcl:16]
WARNING: [XPM_CDC_GRAY: TCL-1000] The source and destination clocks are the same. 
     Instance: spi_to_dma_i/axi_quad_spi_0/U0/NO_DUAL_QUAD_MODE.QSPI_NORMAL/QSPI_LEGACY_MD_GEN.QSPI_CORE_INTERFACE_I/FIFO_EXISTS.TX_FIFO_II/xpm_fifo_instance.xpm_fifo_async_inst/gnuram_async_fifo.xpm_fifo_base_inst/gen_cdc_pntr.rd_pntr_cdc_dc_inst 
  This will add unnecessary latency to the design. Please check the design for the following: 
 1) Manually instantiated XPM_CDC modules: AMD recommends that you remove these modules. 
 2) AMD IP that contains XPM_CDC modules: Verify the connections to the IP to determine whether you can safely ignore this message.
 [C:/Xilinx/Vivado/2024.2/data/ip/xpm/xpm_cdc/tcl/xpm_cdc_gray.tcl:16]
WARNING: [XPM_CDC_GRAY: TCL-1000] The source and destination clocks are the same. 
     Instance: spi_to_dma_i/axi_quad_spi_0/U0/NO_DUAL_QUAD_MODE.QSPI_NORMAL/QSPI_LEGACY_MD_GEN.QSPI_CORE_INTERFACE_I/FIFO_EXISTS.RX_FIFO_II/gnuram_async_fifo.xpm_fifo_base_inst/gen_cdc_pntr.rd_pntr_cdc_dc_inst 
  This will add unnecessary latency to the design. Please check the design for the following: 
 1) Manually instantiated XPM_CDC modules: AMD recommends that you remove these modules. 
 2) AMD IP that contains XPM_CDC modules: Verify the connections to the IP to determine whether you can safely ignore this message.
 [C:/Xilinx/Vivado/2024.2/data/ip/xpm/xpm_cdc/tcl/xpm_cdc_gray.tcl:16]
WARNING: [XPM_CDC_GRAY: TCL-1000] The source and destination clocks are the same. 
     Instance: spi_to_dma_i/spi_fifo_axis_module_0/inst/fifo_generator_0/U0/inst_fifo_gen/gconvfifo.rf/grf.rf/gntv_or_sync_fifo.gcx.clkx/wr_pntr_cdc_inst 
  This will add unnecessary latency to the design. Please check the design for the following: 
 1) Manually instantiated XPM_CDC modules: AMD recommends that you remove these modules. 
 2) AMD IP that contains XPM_CDC modules: Verify the connections to the IP to determine whether you can safely ignore this message.
 [C:/Xilinx/Vivado/2024.2/data/ip/xpm/xpm_cdc/tcl/xpm_cdc_gray.tcl:16]
WARNING: [XPM_CDC_GRAY: TCL-1000] The source and destination clocks are the same. 
     Instance: spi_to_dma_i/spi_fifo_axis_module_0/inst/fifo_generator_0/U0/inst_fifo_gen/gconvfifo.rf/grf.rf/gntv_or_sync_fifo.gcx.clkx/rd_pntr_cdc_inst 
  This will add unnecessary latency to the design. Please check the design for the following: 
 1) Manually instantiated XPM_CDC modules: AMD recommends that you remove these modules. 
 2) AMD IP that contains XPM_CDC modules: Verify the connections to the IP to determine whether you can safely ignore this message.
 [C:/Xilinx/Vivado/2024.2/data/ip/xpm/xpm_cdc/tcl/xpm_cdc_gray.tcl:16]
INFO: [Project 1-1714] 80 XPM XDC files have been applied to the design.
INFO: [Opt 31-138] Pushed 0 inverter(s) to 0 load pin(s).
WARNING: [Constraints 18-5572] Instance spi_to_dma_i/axi_quad_spi_0/U0/NO_DUAL_QUAD_MODE.QSPI_NORMAL/QSPI_LEGACY_MD_GEN.QSPI_CORE_INTERFACE_I/LOGIC_FOR_MD_0_GEN.SPI_MODULE_I/RATIO_NOT_EQUAL_4_GENERATE.SCK_O_NQ_4_NO_STARTUP_USED.SCK_O_NE_4_FDRE_INST has IOB constraint set, However, the instance does not seem to have valid I/O connection to be placed into I/O. The constraint on the instance will be ignored.
WARNING: [Constraints 18-5572] Instance spi_to_dma_i/axi_quad_spi_0/U0/NO_DUAL_QUAD_MODE.QSPI_NORMAL/IO0_I_REG has IOB constraint set, However, the instance does not seem to have valid I/O connection to be placed into I/O. The constraint on the instance will be ignored.
WARNING: [Constraints 18-5572] Instance spi_to_dma_i/axi_quad_spi_0/U0/NO_DUAL_QUAD_MODE.QSPI_NORMAL/IO1_I_REG has IOB constraint set, However, the instance does not seem to have valid I/O connection to be placed into I/O. The constraint on the instance will be ignored.
INFO: [Project 1-1687] 25 scoped IP constraints or related sub-commands were skipped due to synthesis logic optimizations usually triggered by constant connectivity or unconnected output pins. To review the skipped constraints and messages, run the command 'set_param netlist.IPMsgFiltering false' before opening the design.
Netlist sorting complete. Time (s): cpu = 00:00:00 ; elapsed = 00:00:00.010 . Memory (MB): peak = 1607.055 ; gain = 0.000
INFO: [Project 1-111] Unisim Transformation Summary:
  A total of 424 instances were transformed.
  CFGLUT5 => CFGLUT5 (SRL16E, SRLC32E): 420 instances
  RAM32M => RAM32M (RAMD32(x6), RAMS32(x2)): 4 instances

31 Infos, 31 Warnings, 0 Critical Warnings and 0 Errors encountered.
link_design completed successfully
link_design: Time (s): cpu = 00:00:24 ; elapsed = 00:00:26 . Memory (MB): peak = 1607.055 ; gain = 1109.977
Command: opt_design
Attempting to get a license for feature 'Implementation' and/or device 'xc7z020'
INFO: [Common 17-349] Got license for feature 'Implementation' and/or device 'xc7z020'
Running DRC as a precondition to command opt_design

Starting DRC Task
INFO: [DRC 23-27] Running DRC with 2 threads
INFO: [Project 1-461] DRC finished with 0 Errors
INFO: [Project 1-462] Please refer to the DRC report (report_drc) for more information.

Time (s): cpu = 00:00:02 ; elapsed = 00:00:01 . Memory (MB): peak = 1607.055 ; gain = 0.000

Starting Cache Timing Information Task
INFO: [Timing 38-35] Done setting XDC timing constraints.
Ending Cache Timing Information Task | Checksum: 18e6506d2

Time (s): cpu = 00:00:01 ; elapsed = 00:00:00.810 . Memory (MB): peak = 1607.055 ; gain = 0.000

Starting Logic Optimization Task

Phase 1 Initialization

Phase 1.1 Core Generation And Design Setup

Phase 1.1.1 Generate And Synthesize Debug Cores
INFO: [Chipscope 16-329] Generating Script for core instance : dbg_hub 
INFO: [IP_Flow 19-3806] Processing IP xilinx.com:ip:xsdbm:3.0 for cell dbg_hub_CV.
INFO: [Chipscope 16-469] Using cached IP synthesis design for IP xilinx.com:ip:xsdbm:3.0, cache-ID = c694ec444e338f35.
Done building netlist checker database: Time (s): cpu = 00:00:00 ; elapsed = 00:00:00.013 . Memory (MB): peak = 2012.148 ; gain = 0.000
Netlist sorting complete. Time (s): cpu = 00:00:00 ; elapsed = 00:00:00.032 . Memory (MB): peak = 2012.148 ; gain = 0.000
Phase 1.1.1 Generate And Synthesize Debug Cores | Checksum: 138f2d430

Time (s): cpu = 00:00:02 ; elapsed = 00:00:19 . Memory (MB): peak = 2012.148 ; gain = 19.984
Phase 1.1 Core Generation And Design Setup | Checksum: 138f2d430

Time (s): cpu = 00:00:02 ; elapsed = 00:00:19 . Memory (MB): peak = 2012.148 ; gain = 19.984

Phase 1.2 Setup Constraints And Sort Netlist
Phase 1.2 Setup Constraints And Sort Netlist | Checksum: 138f2d430

Time (s): cpu = 00:00:03 ; elapsed = 00:00:19 . Memory (MB): peak = 2012.148 ; gain = 19.984
Phase 1 Initialization | Checksum: 138f2d430

Time (s): cpu = 00:00:03 ; elapsed = 00:00:19 . Memory (MB): peak = 2012.148 ; gain = 19.984

Phase 2 Timer Update And Timing Data Collection

Phase 2.1 Timer Update
Phase 2.1 Timer Update | Checksum: 138f2d430

Time (s): cpu = 00:00:03 ; elapsed = 00:00:19 . Memory (MB): peak = 2012.148 ; gain = 19.984

Phase 2.2 Timing Data Collection
Phase 2.2 Timing Data Collection | Checksum: 138f2d430

Time (s): cpu = 00:00:03 ; elapsed = 00:00:19 . Memory (MB): peak = 2012.148 ; gain = 19.984
Phase 2 Timer Update And Timing Data Collection | Checksum: 138f2d430

Time (s): cpu = 00:00:03 ; elapsed = 00:00:19 . Memory (MB): peak = 2012.148 ; gain = 19.984

Phase 3 Retarget
INFO: [Opt 31-1851] Number of loadless carry chains removed were: 0
INFO: [Opt 31-1834] Total Chains To Be Transformed Were: 0 AND Number of Transformed insts Created are: 0
INFO: [Opt 31-1566] Pulled 8 inverters resulting in an inversion of 63 pins
INFO: [Opt 31-138] Pushed 9 inverter(s) to 25 load pin(s).
INFO: [Opt 31-49] Retargeted 0 cell(s).
Phase 3 Retarget | Checksum: 16cf820a4

Time (s): cpu = 00:00:04 ; elapsed = 00:00:20 . Memory (MB): peak = 2012.148 ; gain = 19.984
Retarget | Checksum: 16cf820a4
INFO: [Opt 31-389] Phase Retarget created 76 cells and removed 187 cells
INFO: [Opt 31-1021] In phase Retarget, 240 netlist objects are constrained preventing optimization. Please run opt_design with -debug_log to get more detail. 

Phase 4 Constant propagation
INFO: [Opt 31-138] Pushed 4 inverter(s) to 14 load pin(s).
Phase 4 Constant propagation | Checksum: 177d1ca6c

Time (s): cpu = 00:00:04 ; elapsed = 00:00:20 . Memory (MB): peak = 2012.148 ; gain = 19.984
Constant propagation | Checksum: 177d1ca6c
INFO: [Opt 31-389] Phase Constant propagation created 151 cells and removed 429 cells
INFO: [Opt 31-1021] In phase Constant propagation, 175 netlist objects are constrained preventing optimization. Please run opt_design with -debug_log to get more detail. 

Phase 5 Sweep
INFO: [Constraints 18-11670] Building netlist checker database with flags, 0x8
Done building netlist checker database: Time (s): cpu = 00:00:00 ; elapsed = 00:00:00.013 . Memory (MB): peak = 2012.148 ; gain = 0.000
INFO: [Constraints 18-11670] Building netlist checker database with flags, 0x8
Done building netlist checker database: Time (s): cpu = 00:00:00 ; elapsed = 00:00:00.015 . Memory (MB): peak = 2012.148 ; gain = 0.000
Phase 5 Sweep | Checksum: 1ea5e64e2

Time (s): cpu = 00:00:05 ; elapsed = 00:00:21 . Memory (MB): peak = 2012.148 ; gain = 19.984
Sweep | Checksum: 1ea5e64e2
INFO: [Opt 31-389] Phase Sweep created 8 cells and removed 662 cells
INFO: [Opt 31-1021] In phase Sweep, 1959 netlist objects are constrained preventing optimization. Please run opt_design with -debug_log to get more detail. 

Phase 6 BUFG optimization
Phase 6 BUFG optimization | Checksum: 1ea5e64e2

Time (s): cpu = 00:00:05 ; elapsed = 00:00:21 . Memory (MB): peak = 2012.148 ; gain = 19.984
BUFG optimization | Checksum: 1ea5e64e2
INFO: [Opt 31-662] Phase BUFG optimization created 0 cells of which 0 are BUFGs and removed 0 cells.

Phase 7 Shift Register Optimization
INFO: [Opt 31-1064] SRL Remap converted 0 SRLs to 0 registers and converted 0 registers of register chains to 0 SRLs
Phase 7 Shift Register Optimization | Checksum: 1ea5e64e2

Time (s): cpu = 00:00:05 ; elapsed = 00:00:21 . Memory (MB): peak = 2012.148 ; gain = 19.984
Shift Register Optimization | Checksum: 1ea5e64e2
INFO: [Opt 31-389] Phase Shift Register Optimization created 0 cells and removed 0 cells

Phase 8 Post Processing Netlist
Phase 8 Post Processing Netlist | Checksum: 19cacd5a2

Time (s): cpu = 00:00:06 ; elapsed = 00:00:21 . Memory (MB): peak = 2012.148 ; gain = 19.984
Post Processing Netlist | Checksum: 19cacd5a2
INFO: [Opt 31-389] Phase Post Processing Netlist created 0 cells and removed 0 cells
INFO: [Opt 31-1021] In phase Post Processing Netlist, 210 netlist objects are constrained preventing optimization. Please run opt_design with -debug_log to get more detail. 

Phase 9 Finalization

Phase 9.1 Finalizing Design Cores and Updating Shapes
Phase 9.1 Finalizing Design Cores and Updating Shapes | Checksum: a43a0579

Time (s): cpu = 00:00:06 ; elapsed = 00:00:22 . Memory (MB): peak = 2012.148 ; gain = 19.984

Phase 9.2 Verifying Netlist Connectivity

Starting Connectivity Check Task

Time (s): cpu = 00:00:00 ; elapsed = 00:00:00.045 . Memory (MB): peak = 2012.148 ; gain = 0.000
Phase 9.2 Verifying Netlist Connectivity | Checksum: a43a0579

Time (s): cpu = 00:00:06 ; elapsed = 00:00:22 . Memory (MB): peak = 2012.148 ; gain = 19.984
Phase 9 Finalization | Checksum: a43a0579

Time (s): cpu = 00:00:06 ; elapsed = 00:00:22 . Memory (MB): peak = 2012.148 ; gain = 19.984
Opt_design Change Summary
=========================


-------------------------------------------------------------------------------------------------------------------------
|  Phase                        |  #Cells created  |  #Cells Removed  |  #Constrained objects preventing optimizations  |
-------------------------------------------------------------------------------------------------------------------------
|  Retarget                     |              76  |             187  |                                            240  |
|  Constant propagation         |             151  |             429  |                                            175  |
|  Sweep                        |               8  |             662  |                                           1959  |
|  BUFG optimization            |               0  |               0  |                                              0  |
|  Shift Register Optimization  |               0  |               0  |                                              0  |
|  Post Processing Netlist      |               0  |               0  |                                            210  |
-------------------------------------------------------------------------------------------------------------------------


Ending Logic Optimization Task | Checksum: a43a0579

Time (s): cpu = 00:00:06 ; elapsed = 00:00:22 . Memory (MB): peak = 2012.148 ; gain = 19.984

Starting Power Optimization Task
INFO: [Pwropt 34-132] Skipping clock gating for clocks with a period < 2.00 ns.
INFO: [Timing 38-35] Done setting XDC timing constraints.
Running Vector-less Activity Propagation...

Finished Running Vector-less Activity Propagation
INFO: [Pwropt 34-9] Applying IDT optimizations ...
INFO: [Pwropt 34-10] Applying ODC optimizations ...


Starting PowerOpt Patch Enables Task
INFO: [Pwropt 34-162] WRITE_MODE attribute of 0 BRAM(s) out of a total of 126 has been updated to save power. Run report_power_opt to get a complete listing of the BRAMs updated.
INFO: [Pwropt 34-201] Structural ODC has moved 0 WE to EN ports
Number of BRAM Ports augmented: 136 newly gated: 0 Total Ports: 252
Ending PowerOpt Patch Enables Task | Checksum: 120208d05

Time (s): cpu = 00:00:00 ; elapsed = 00:00:00.545 . Memory (MB): peak = 2441.020 ; gain = 0.000
Ending Power Optimization Task | Checksum: 120208d05

Time (s): cpu = 00:00:18 ; elapsed = 00:00:14 . Memory (MB): peak = 2441.020 ; gain = 428.871

Starting Final Cleanup Task

Starting Logic Optimization Task
INFO: [Timing 38-35] Done setting XDC timing constraints.
Ending Logic Optimization Task | Checksum: 1d0bde130

Time (s): cpu = 00:00:02 ; elapsed = 00:00:02 . Memory (MB): peak = 2441.020 ; gain = 0.000
Ending Final Cleanup Task | Checksum: 1d0bde130

Time (s): cpu = 00:00:05 ; elapsed = 00:00:05 . Memory (MB): peak = 2441.020 ; gain = 0.000

Starting Netlist Obfuscation Task
Netlist sorting complete. Time (s): cpu = 00:00:00 ; elapsed = 00:00:00.012 . Memory (MB): peak = 2441.020 ; gain = 0.000
Ending Netlist Obfuscation Task | Checksum: 1d0bde130

Time (s): cpu = 00:00:00 ; elapsed = 00:00:00.017 . Memory (MB): peak = 2441.020 ; gain = 0.000
INFO: [Common 17-83] Releasing license: Implementation
70 Infos, 31 Warnings, 0 Critical Warnings and 0 Errors encountered.
opt_design completed successfully
opt_design: Time (s): cpu = 00:00:36 ; elapsed = 00:00:46 . Memory (MB): peak = 2441.020 ; gain = 833.965
INFO: [Vivado 12-24828] Executing command : report_drc -file spi_to_dma_wrapper_drc_opted.rpt -pb spi_to_dma_wrapper_drc_opted.pb -rpx spi_to_dma_wrapper_drc_opted.rpx
Command: report_drc -file spi_to_dma_wrapper_drc_opted.rpt -pb spi_to_dma_wrapper_drc_opted.pb -rpx spi_to_dma_wrapper_drc_opted.rpx
INFO: [IP_Flow 19-1839] IP Catalog is up to date.
INFO: [DRC 23-27] Running DRC with 2 threads
INFO: [Vivado_Tcl 2-168] The results of DRC are in file C:/Users/marce/OneDrive/Dokumente/zynq_project/spi_to_dma/spi_to_dma.runs/impl_1/spi_to_dma_wrapper_drc_opted.rpt.
report_drc completed successfully
INFO: [Timing 38-35] Done setting XDC timing constraints.
INFO: [Timing 38-480] Writing timing data to binary archive.
Wrote PlaceDB: Time (s): cpu = 00:00:00 ; elapsed = 00:00:00.020 . Memory (MB): peak = 2441.020 ; gain = 0.000
Wrote PulsedLatchDB: Time (s): cpu = 00:00:00 ; elapsed = 00:00:00 . Memory (MB): peak = 2441.020 ; gain = 0.000
Writing XDEF routing.
Write ShapeDB Complete: Time (s): cpu = 00:00:01 ; elapsed = 00:00:00.046 . Memory (MB): peak = 2441.020 ; gain = 0.000
Writing XDEF routing logical nets.
Writing XDEF routing special nets.
Wrote RouteStorage: Time (s): cpu = 00:00:01 ; elapsed = 00:00:00.058 . Memory (MB): peak = 2441.020 ; gain = 0.000
Wrote Netlist Cache: Time (s): cpu = 00:00:00 ; elapsed = 00:00:00.001 . Memory (MB): peak = 2441.020 ; gain = 0.000
Wrote Device Cache: Time (s): cpu = 00:00:00 ; elapsed = 00:00:00.015 . Memory (MB): peak = 2441.020 ; gain = 0.000
Write Physdb Complete: Time (s): cpu = 00:00:01 ; elapsed = 00:00:00.106 . Memory (MB): peak = 2441.020 ; gain = 0.000
INFO: [Common 17-1381] The checkpoint 'C:/Users/marce/OneDrive/Dokumente/zynq_project/spi_to_dma/spi_to_dma.runs/impl_1/spi_to_dma_wrapper_opt.dcp' has been generated.
INFO: [Chipscope 16-240] Debug cores have already been implemented
Command: place_design
Attempting to get a license for feature 'Implementation' and/or device 'xc7z020'
INFO: [Common 17-349] Got license for feature 'Implementation' and/or device 'xc7z020'
INFO: [Common 17-83] Releasing license: Implementation
INFO: [DRC 23-27] Running DRC with 2 threads
INFO: [Vivado_Tcl 4-198] DRC finished with 0 Errors
INFO: [Vivado_Tcl 4-199] Please refer to the DRC report (report_drc) for more information.
Running DRC as a precondition to command place_design
INFO: [DRC 23-27] Running DRC with 2 threads
INFO: [Vivado_Tcl 4-198] DRC finished with 0 Errors, 21 Warnings
INFO: [Vivado_Tcl 4-199] Please refer to the DRC report (report_drc) for more information.
INFO: [Place 30-611] Multithreading enabled for place_design using a maximum of 2 CPUs

Starting Placer Task

Phase 1 Placer Initialization

Phase 1.1 Placer Initialization Netlist Sorting
Netlist sorting complete. Time (s): cpu = 00:00:00 ; elapsed = 00:00:00.012 . Memory (MB): peak = 2441.020 ; gain = 0.000
Phase 1.1 Placer Initialization Netlist Sorting | Checksum: 10447dfd2

Time (s): cpu = 00:00:00 ; elapsed = 00:00:00.019 . Memory (MB): peak = 2441.020 ; gain = 0.000
Netlist sorting complete. Time (s): cpu = 00:00:00 ; elapsed = 00:00:00.013 . Memory (MB): peak = 2441.020 ; gain = 0.000

Phase 1.2 IO Placement/ Clock Placement/ Build Placer Device
CRITICAL WARNING: [Place 30-73] Invalid constraint on register 'spi_to_dma_i/axi_quad_spi_0/U0/NO_DUAL_QUAD_MODE.QSPI_NORMAL/IO1_I_REG'. It has the property IOB=TRUE, but it is not driving or driven by any IO element.
CRITICAL WARNING: [Place 30-73] Invalid constraint on register 'spi_to_dma_i/axi_quad_spi_0/U0/NO_DUAL_QUAD_MODE.QSPI_NORMAL/QSPI_LEGACY_MD_GEN.QSPI_CORE_INTERFACE_I/LOGIC_FOR_MD_0_GEN.SPI_MODULE_I/RATIO_NOT_EQUAL_4_GENERATE.SCK_O_NQ_4_NO_STARTUP_USED.SCK_O_NE_4_FDRE_INST'. It has the property IOB=TRUE, but it is not driving or driven by any IO element.
Phase 1.2 IO Placement/ Clock Placement/ Build Placer Device | Checksum: 11e4eafd2

Time (s): cpu = 00:00:02 ; elapsed = 00:00:01 . Memory (MB): peak = 2441.020 ; gain = 0.000

Phase 1.3 Build Placer Netlist Model
Phase 1.3 Build Placer Netlist Model | Checksum: 1b4250e43

Time (s): cpu = 00:00:07 ; elapsed = 00:00:05 . Memory (MB): peak = 2441.020 ; gain = 0.000

Phase 1.4 Constrain Clocks/Macros
Phase 1.4 Constrain Clocks/Macros | Checksum: 1b4250e43

Time (s): cpu = 00:00:07 ; elapsed = 00:00:05 . Memory (MB): peak = 2441.020 ; gain = 0.000
Phase 1 Placer Initialization | Checksum: 1b4250e43

Time (s): cpu = 00:00:07 ; elapsed = 00:00:05 . Memory (MB): peak = 2441.020 ; gain = 0.000

Phase 2 Global Placement

Phase 2.1 Floorplanning
Phase 2.1 Floorplanning | Checksum: 1de1e3bbe

Time (s): cpu = 00:00:09 ; elapsed = 00:00:06 . Memory (MB): peak = 2441.020 ; gain = 0.000

Phase 2.2 Update Timing before SLR Path Opt
Phase 2.2 Update Timing before SLR Path Opt | Checksum: 1717a319e

Time (s): cpu = 00:00:10 ; elapsed = 00:00:07 . Memory (MB): peak = 2441.020 ; gain = 0.000

Phase 2.3 Post-Processing in Floorplanning
Phase 2.3 Post-Processing in Floorplanning | Checksum: 1717a319e

Time (s): cpu = 00:00:10 ; elapsed = 00:00:07 . Memory (MB): peak = 2441.020 ; gain = 0.000

Phase 2.4 Global Place Phase1
Phase 2.4 Global Place Phase1 | Checksum: ebcde5e4

Time (s): cpu = 00:00:21 ; elapsed = 00:00:14 . Memory (MB): peak = 2441.020 ; gain = 0.000

Phase 2.5 Global Place Phase2

Phase 2.5.1 UpdateTiming Before Physical Synthesis
Phase 2.5.1 UpdateTiming Before Physical Synthesis | Checksum: 127de050a

Time (s): cpu = 00:00:23 ; elapsed = 00:00:15 . Memory (MB): peak = 2441.020 ; gain = 0.000

Phase 2.5.2 Physical Synthesis In Placer
INFO: [Physopt 32-1035] Found 0 LUTNM shape to break, 689 LUT instances to create LUTNM shape
INFO: [Physopt 32-1044] Break lutnm for timing: one critical 0, two critical 0, total 0, new lutff created 0
INFO: [Physopt 32-1138] End 1 Pass. Optimized 282 nets or LUTs. Breaked 0 LUT, combined 282 existing LUTs and moved 0 existing LUT
INFO: [Physopt 32-65] No nets found for high-fanout optimization.
INFO: [Physopt 32-232] Optimized 0 net. Created 0 new instance.
INFO: [Physopt 32-775] End 1 Pass. Optimized 0 net or cell. Created 0 new cell, deleted 0 existing cell and moved 0 existing cell
INFO: [Physopt 32-670] No setup violation found.  DSP Register Optimization was not performed.
INFO: [Physopt 32-670] No setup violation found.  Shift Register to Pipeline Optimization was not performed.
INFO: [Physopt 32-670] No setup violation found.  Shift Register Optimization was not performed.
INFO: [Physopt 32-670] No setup violation found.  BRAM Register Optimization was not performed.
INFO: [Physopt 32-670] No setup violation found.  URAM Register Optimization was not performed.
INFO: [Physopt 32-949] No candidate nets found for dynamic/static region interface net replication
INFO: [Physopt 32-775] End 1 Pass. Optimized 0 net or cell. Created 0 new cell, deleted 0 existing cell and moved 0 existing cell
Netlist sorting complete. Time (s): cpu = 00:00:00 ; elapsed = 00:00:00.012 . Memory (MB): peak = 2441.020 ; gain = 0.000

Summary of Physical Synthesis Optimizations
============================================


-----------------------------------------------------------------------------------------------------------------------------------------------------------
|  Optimization                                     |  Added Cells  |  Removed Cells  |  Optimized Cells/Nets  |  Dont Touch  |  Iterations  |  Elapsed   |
-----------------------------------------------------------------------------------------------------------------------------------------------------------
|  LUT Combining                                    |            0  |            282  |                   282  |           0  |           1  |  00:00:00  |
|  Retime                                           |            0  |              0  |                     0  |           0  |           1  |  00:00:00  |
|  Very High Fanout                                 |            0  |              0  |                     0  |           0  |           1  |  00:00:00  |
|  DSP Register                                     |            0  |              0  |                     0  |           0  |           0  |  00:00:00  |
|  Shift Register to Pipeline                       |            0  |              0  |                     0  |           0  |           0  |  00:00:00  |
|  Shift Register                                   |            0  |              0  |                     0  |           0  |           0  |  00:00:00  |
|  BRAM Register                                    |            0  |              0  |                     0  |           0  |           0  |  00:00:00  |
|  URAM Register                                    |            0  |              0  |                     0  |           0  |           0  |  00:00:00  |
|  Dynamic/Static Region Interface Net Replication  |            0  |              0  |                     0  |           0  |           1  |  00:00:00  |
|  Total                                            |            0  |            282  |                   282  |           0  |           4  |  00:00:00  |
-----------------------------------------------------------------------------------------------------------------------------------------------------------


Phase 2.5.2 Physical Synthesis In Placer | Checksum: f614d2f8

Time (s): cpu = 00:00:25 ; elapsed = 00:00:17 . Memory (MB): peak = 2441.020 ; gain = 0.000
Phase 2.5 Global Place Phase2 | Checksum: 14aaacf0b

Time (s): cpu = 00:00:26 ; elapsed = 00:00:18 . Memory (MB): peak = 2441.020 ; gain = 0.000
Phase 2 Global Placement | Checksum: 14aaacf0b

Time (s): cpu = 00:00:26 ; elapsed = 00:00:18 . Memory (MB): peak = 2441.020 ; gain = 0.000

Phase 3 Detail Placement

Phase 3.1 Commit Multi Column Macros
Phase 3.1 Commit Multi Column Macros | Checksum: 19e10456a

Time (s): cpu = 00:00:28 ; elapsed = 00:00:19 . Memory (MB): peak = 2441.020 ; gain = 0.000

Phase 3.2 Commit Most Macros & LUTRAMs
Phase 3.2 Commit Most Macros & LUTRAMs | Checksum: 17e441d79

Time (s): cpu = 00:00:31 ; elapsed = 00:00:21 . Memory (MB): peak = 2441.020 ; gain = 0.000

Phase 3.3 Area Swap Optimization
Phase 3.3 Area Swap Optimization | Checksum: 1d5403d06

Time (s): cpu = 00:00:31 ; elapsed = 00:00:21 . Memory (MB): peak = 2441.020 ; gain = 0.000

Phase 3.4 Pipeline Register Optimization
Phase 3.4 Pipeline Register Optimization | Checksum: 14d0a4b86

Time (s): cpu = 00:00:31 ; elapsed = 00:00:21 . Memory (MB): peak = 2441.020 ; gain = 0.000

Phase 3.5 Small Shape Detail Placement
Phase 3.5 Small Shape Detail Placement | Checksum: 148a66639

Time (s): cpu = 00:00:37 ; elapsed = 00:00:28 . Memory (MB): peak = 2441.020 ; gain = 0.000

Phase 3.6 Re-assign LUT pins
Phase 3.6 Re-assign LUT pins | Checksum: 1e16e23b9

Time (s): cpu = 00:00:38 ; elapsed = 00:00:28 . Memory (MB): peak = 2441.020 ; gain = 0.000

Phase 3.7 Pipeline Register Optimization
Phase 3.7 Pipeline Register Optimization | Checksum: 216c2f407

Time (s): cpu = 00:00:38 ; elapsed = 00:00:29 . Memory (MB): peak = 2441.020 ; gain = 0.000
Phase 3 Detail Placement | Checksum: 216c2f407

Time (s): cpu = 00:00:38 ; elapsed = 00:00:29 . Memory (MB): peak = 2441.020 ; gain = 0.000

Phase 4 Post Placement Optimization and Clean-Up

Phase 4.1 Post Commit Optimization
INFO: [Timing 38-35] Done setting XDC timing constraints.

Phase 4.1.1 Post Placement Optimization
Post Placement Optimization Initialization | Checksum: 1f92f5e0b

Phase 4.1.1.1 BUFG Insertion

Starting Physical Synthesis Task

Phase 1 Physical Synthesis Initialization
INFO: [Physopt 32-721] Multithreading enabled for phys_opt_design using a maximum of 2 CPUs
INFO: [Physopt 32-619] Estimated Timing Summary | WNS=11.724 | TNS=0.000 |
Phase 1 Physical Synthesis Initialization | Checksum: 1c462f4ea

Time (s): cpu = 00:00:01 ; elapsed = 00:00:00.802 . Memory (MB): peak = 2441.020 ; gain = 0.000
INFO: [Place 46-56] BUFG insertion identified 0 candidate nets. Inserted BUFG: 0, Replicated BUFG Driver: 0, Skipped due to Placement/Routing Conflicts: 0, Skipped due to Timing Degradation: 0, Skipped due to netlist editing failed: 0.
Ending Physical Synthesis Task | Checksum: 1ee7695e7

Time (s): cpu = 00:00:02 ; elapsed = 00:00:00.923 . Memory (MB): peak = 2441.020 ; gain = 0.000
Phase 4.1.1.1 BUFG Insertion | Checksum: 1f92f5e0b

Time (s): cpu = 00:00:46 ; elapsed = 00:00:34 . Memory (MB): peak = 2441.020 ; gain = 0.000

Phase 4.1.1.2 Post Placement Timing Optimization
INFO: [Place 30-746] Post Placement Timing Summary WNS=11.724. For the most accurate timing information please run report_timing.
Phase 4.1.1.2 Post Placement Timing Optimization | Checksum: 167d6d049

Time (s): cpu = 00:00:46 ; elapsed = 00:00:34 . Memory (MB): peak = 2441.020 ; gain = 0.000

Time (s): cpu = 00:00:46 ; elapsed = 00:00:34 . Memory (MB): peak = 2441.020 ; gain = 0.000
Phase 4.1 Post Commit Optimization | Checksum: 167d6d049

Time (s): cpu = 00:00:46 ; elapsed = 00:00:34 . Memory (MB): peak = 2441.020 ; gain = 0.000

Phase 4.2 Post Placement Cleanup
Phase 4.2 Post Placement Cleanup | Checksum: 167d6d049

Time (s): cpu = 00:00:46 ; elapsed = 00:00:34 . Memory (MB): peak = 2441.020 ; gain = 0.000

Phase 4.3 Placer Reporting

Phase 4.3.1 Print Estimated Congestion
INFO: [Place 30-612] Post-Placement Estimated Congestion 
 ____________________________________________________
|           | Global Congestion | Short Congestion  |
| Direction | Region Size       | Region Size       |
|___________|___________________|___________________|
|      North|                1x1|                1x1|
|___________|___________________|___________________|
|      South|                1x1|                1x1|
|___________|___________________|___________________|
|       East|                1x1|                1x1|
|___________|___________________|___________________|
|       West|                1x1|                1x1|
|___________|___________________|___________________|

Phase 4.3.1 Print Estimated Congestion | Checksum: 167d6d049

Time (s): cpu = 00:00:47 ; elapsed = 00:00:34 . Memory (MB): peak = 2441.020 ; gain = 0.000
Phase 4.3 Placer Reporting | Checksum: 167d6d049

Time (s): cpu = 00:00:47 ; elapsed = 00:00:34 . Memory (MB): peak = 2441.020 ; gain = 0.000

Phase 4.4 Final Placement Cleanup
Netlist sorting complete. Time (s): cpu = 00:00:00 ; elapsed = 00:00:00.011 . Memory (MB): peak = 2441.020 ; gain = 0.000

Time (s): cpu = 00:00:47 ; elapsed = 00:00:34 . Memory (MB): peak = 2441.020 ; gain = 0.000
Phase 4 Post Placement Optimization and Clean-Up | Checksum: 1f17453e4

Time (s): cpu = 00:00:47 ; elapsed = 00:00:34 . Memory (MB): peak = 2441.020 ; gain = 0.000
Ending Placer Task | Checksum: 1ab9e1824

Time (s): cpu = 00:00:47 ; elapsed = 00:00:35 . Memory (MB): peak = 2441.020 ; gain = 0.000
106 Infos, 31 Warnings, 2 Critical Warnings and 0 Errors encountered.
place_design completed successfully
place_design: Time (s): cpu = 00:00:51 ; elapsed = 00:00:37 . Memory (MB): peak = 2441.020 ; gain = 0.000
INFO: [Vivado 12-24838] Running report commands "report_control_sets, report_io, report_utilization" in parallel.
Running report generation with 2 threads.
INFO: [Vivado 12-24828] Executing command : report_io -file spi_to_dma_wrapper_io_placed.rpt
report_io: Time (s): cpu = 00:00:00 ; elapsed = 00:00:00.071 . Memory (MB): peak = 2441.020 ; gain = 0.000
INFO: [Vivado 12-24828] Executing command : report_control_sets -verbose -file spi_to_dma_wrapper_control_sets_placed.rpt
report_control_sets: Time (s): cpu = 00:00:00 ; elapsed = 00:00:00.063 . Memory (MB): peak = 2441.020 ; gain = 0.000
INFO: [Vivado 12-24828] Executing command : report_utilization -file spi_to_dma_wrapper_utilization_placed.rpt -pb spi_to_dma_wrapper_utilization_placed.pb
INFO: [Timing 38-480] Writing timing data to binary archive.
Write ShapeDB Complete: Time (s): cpu = 00:00:00 ; elapsed = 00:00:00.082 . Memory (MB): peak = 2441.020 ; gain = 0.000
Wrote PlaceDB: Time (s): cpu = 00:00:04 ; elapsed = 00:00:02 . Memory (MB): peak = 2441.020 ; gain = 0.000
Wrote PulsedLatchDB: Time (s): cpu = 00:00:00 ; elapsed = 00:00:00 . Memory (MB): peak = 2441.020 ; gain = 0.000
Writing XDEF routing.
Writing XDEF routing logical nets.
Writing XDEF routing special nets.
Wrote RouteStorage: Time (s): cpu = 00:00:00 ; elapsed = 00:00:00.052 . Memory (MB): peak = 2441.020 ; gain = 0.000
Wrote Netlist Cache: Time (s): cpu = 00:00:01 ; elapsed = 00:00:00.025 . Memory (MB): peak = 2441.020 ; gain = 0.000
Wrote Device Cache: Time (s): cpu = 00:00:00 ; elapsed = 00:00:00.014 . Memory (MB): peak = 2441.020 ; gain = 0.000
Write Physdb Complete: Time (s): cpu = 00:00:05 ; elapsed = 00:00:02 . Memory (MB): peak = 2441.020 ; gain = 0.000
INFO: [Common 17-1381] The checkpoint 'C:/Users/marce/OneDrive/Dokumente/zynq_project/spi_to_dma/spi_to_dma.runs/impl_1/spi_to_dma_wrapper_placed.dcp' has been generated.
Command: phys_opt_design
Attempting to get a license for feature 'Implementation' and/or device 'xc7z020'
INFO: [Common 17-349] Got license for feature 'Implementation' and/or device 'xc7z020'

Starting Initial Update Timing Task

Time (s): cpu = 00:00:04 ; elapsed = 00:00:03 . Memory (MB): peak = 2441.020 ; gain = 0.000
INFO: [Vivado_Tcl 4-2279] Estimated Timing Summary | WNS= 11.724 | TNS= 0.000 | 
INFO: [Vivado_Tcl 4-383] Design worst setup slack (WNS) is greater than or equal to 0.000 ns. All physical synthesis setup optimizations will be skipped.
INFO: [Vivado_Tcl 4-232] No setup violation found. The netlist was not modified.
INFO: [Common 17-83] Releasing license: Implementation
117 Infos, 31 Warnings, 2 Critical Warnings and 0 Errors encountered.
phys_opt_design completed successfully
INFO: [Timing 38-480] Writing timing data to binary archive.
Write ShapeDB Complete: Time (s): cpu = 00:00:00 ; elapsed = 00:00:00.077 . Memory (MB): peak = 2441.020 ; gain = 0.000
Wrote PlaceDB: Time (s): cpu = 00:00:04 ; elapsed = 00:00:02 . Memory (MB): peak = 2441.020 ; gain = 0.000
Wrote PulsedLatchDB: Time (s): cpu = 00:00:00 ; elapsed = 00:00:00 . Memory (MB): peak = 2441.020 ; gain = 0.000
Writing XDEF routing.
Writing XDEF routing logical nets.
Writing XDEF routing special nets.
Wrote RouteStorage: Time (s): cpu = 00:00:01 ; elapsed = 00:00:00.058 . Memory (MB): peak = 2441.020 ; gain = 0.000
Wrote Netlist Cache: Time (s): cpu = 00:00:00 ; elapsed = 00:00:00.026 . Memory (MB): peak = 2441.020 ; gain = 0.000
Wrote Device Cache: Time (s): cpu = 00:00:00 ; elapsed = 00:00:00.013 . Memory (MB): peak = 2441.020 ; gain = 0.000
Write Physdb Complete: Time (s): cpu = 00:00:05 ; elapsed = 00:00:02 . Memory (MB): peak = 2441.020 ; gain = 0.000
INFO: [Common 17-1381] The checkpoint 'C:/Users/marce/OneDrive/Dokumente/zynq_project/spi_to_dma/spi_to_dma.runs/impl_1/spi_to_dma_wrapper_physopt.dcp' has been generated.
Command: route_design
Attempting to get a license for feature 'Implementation' and/or device 'xc7z020'
INFO: [Common 17-349] Got license for feature 'Implementation' and/or device 'xc7z020'


Starting Routing Task
INFO: [Route 35-254] Multithreading enabled for route_design using a maximum of 2 CPUs

Phase 1 Build RT Design
Checksum: PlaceDB: eb48f78f ConstDB: 0 ShapeSum: aa5bada5 RouteDB: 15f972f0
Post Restoration Checksum: NetGraph: ebcec90e | NumContArr: 8d3fa7f0 | Constraints: c2a8fa9d | Timing: c2a8fa9d
Phase 1 Build RT Design | Checksum: 2fe606638

Time (s): cpu = 00:00:31 ; elapsed = 00:00:26 . Memory (MB): peak = 2441.020 ; gain = 0.000

Phase 2 Router Initialization

Phase 2.1 Fix Topology Constraints
Phase 2.1 Fix Topology Constraints | Checksum: 2fe606638

Time (s): cpu = 00:00:31 ; elapsed = 00:00:26 . Memory (MB): peak = 2441.020 ; gain = 0.000

Phase 2.2 Pre Route Cleanup
Phase 2.2 Pre Route Cleanup | Checksum: 2fe606638

Time (s): cpu = 00:00:31 ; elapsed = 00:00:26 . Memory (MB): peak = 2441.020 ; gain = 0.000
 Number of Nodes with overlaps = 0

Phase 2.3 Update Timing
Phase 2.3 Update Timing | Checksum: 213996362

Time (s): cpu = 00:00:39 ; elapsed = 00:00:32 . Memory (MB): peak = 2441.020 ; gain = 0.000
INFO: [Route 35-416] Intermediate Timing Summary | WNS=11.939 | TNS=0.000  | WHS=-0.356 | THS=-382.283|


Phase 2.4 Update Timing for Bus Skew

Phase 2.4.1 Update Timing
Phase 2.4.1 Update Timing | Checksum: 25b99d956

Time (s): cpu = 00:00:45 ; elapsed = 00:00:35 . Memory (MB): peak = 2441.020 ; gain = 0.000
INFO: [Route 35-416] Intermediate Timing Summary | WNS=11.939 | TNS=0.000  | WHS=-0.234 | THS=-3.932 |

Phase 2.4 Update Timing for Bus Skew | Checksum: 2ac38afa9

Time (s): cpu = 00:00:45 ; elapsed = 00:00:35 . Memory (MB): peak = 2441.020 ; gain = 0.000

Router Utilization Summary
  Global Vertical Routing Utilization    = 0 %
  Global Horizontal Routing Utilization  = 0 %
  Routable Net Status*
  *Does not include unroutable nets such as driverless and loadless.
  Run report_route_status for detailed report.
  Number of Failed Nets               = 16738
    (Failed Nets is the sum of unrouted and partially routed nets)
  Number of Unrouted Nets             = 16738
  Number of Partially Routed Nets     = 0
  Number of Node Overlaps             = 0

Phase 2 Router Initialization | Checksum: 20ab66d8a

Time (s): cpu = 00:00:45 ; elapsed = 00:00:36 . Memory (MB): peak = 2441.020 ; gain = 0.000

Phase 3 Global Routing
Phase 3 Global Routing | Checksum: 20ab66d8a

Time (s): cpu = 00:00:46 ; elapsed = 00:00:36 . Memory (MB): peak = 2441.020 ; gain = 0.000

Phase 4 Initial Routing

Phase 4.1 Initial Net Routing Pass
Phase 4.1 Initial Net Routing Pass | Checksum: 2980cc1d9

Time (s): cpu = 00:00:52 ; elapsed = 00:00:39 . Memory (MB): peak = 2441.020 ; gain = 0.000
Phase 4 Initial Routing | Checksum: 2980cc1d9

Time (s): cpu = 00:00:52 ; elapsed = 00:00:40 . Memory (MB): peak = 2441.020 ; gain = 0.000

Phase 5 Rip-up And Reroute

Phase 5.1 Global Iteration 0
 Number of Nodes with overlaps = 891
 Number of Nodes with overlaps = 7
 Number of Nodes with overlaps = 0
INFO: [Route 35-416] Intermediate Timing Summary | WNS=6.920  | TNS=0.000  | WHS=N/A    | THS=N/A    |

Phase 5.1 Global Iteration 0 | Checksum: 2902737d3

Time (s): cpu = 00:01:02 ; elapsed = 00:00:47 . Memory (MB): peak = 2441.020 ; gain = 0.000

Phase 5.2 Global Iteration 1
 Number of Nodes with overlaps = 0
INFO: [Route 35-416] Intermediate Timing Summary | WNS=6.920  | TNS=0.000  | WHS=N/A    | THS=N/A    |

Phase 5.2 Global Iteration 1 | Checksum: 317b0eed7

Time (s): cpu = 00:01:03 ; elapsed = 00:00:48 . Memory (MB): peak = 2441.020 ; gain = 0.000

Phase 5.3 Global Iteration 2
 Number of Nodes with overlaps = 1
 Number of Nodes with overlaps = 0
INFO: [Route 35-416] Intermediate Timing Summary | WNS=6.920  | TNS=0.000  | WHS=N/A    | THS=N/A    |

Phase 5.3 Global Iteration 2 | Checksum: 125c404c2

Time (s): cpu = 00:01:03 ; elapsed = 00:00:48 . Memory (MB): peak = 2441.020 ; gain = 0.000
Phase 5 Rip-up And Reroute | Checksum: 125c404c2

Time (s): cpu = 00:01:03 ; elapsed = 00:00:48 . Memory (MB): peak = 2441.020 ; gain = 0.000

Phase 6 Delay and Skew Optimization

Phase 6.1 Delay CleanUp
Phase 6.1 Delay CleanUp | Checksum: 125c404c2

Time (s): cpu = 00:01:03 ; elapsed = 00:00:48 . Memory (MB): peak = 2441.020 ; gain = 0.000

Phase 6.2 Clock Skew Optimization
Phase 6.2 Clock Skew Optimization | Checksum: 125c404c2

Time (s): cpu = 00:01:03 ; elapsed = 00:00:48 . Memory (MB): peak = 2441.020 ; gain = 0.000
Phase 6 Delay and Skew Optimization | Checksum: 125c404c2

Time (s): cpu = 00:01:03 ; elapsed = 00:00:48 . Memory (MB): peak = 2441.020 ; gain = 0.000

Phase 7 Post Hold Fix

Phase 7.1 Hold Fix Iter
INFO: [Route 35-416] Intermediate Timing Summary | WNS=6.920  | TNS=0.000  | WHS=0.021  | THS=0.000  |

Phase 7.1 Hold Fix Iter | Checksum: 1bd174267

Time (s): cpu = 00:01:05 ; elapsed = 00:00:49 . Memory (MB): peak = 2441.020 ; gain = 0.000
Phase 7 Post Hold Fix | Checksum: 1bd174267

Time (s): cpu = 00:01:05 ; elapsed = 00:00:49 . Memory (MB): peak = 2441.020 ; gain = 0.000

Phase 8 Route finalize

Router Utilization Summary
  Global Vertical Routing Utilization    = 3.40846 %
  Global Horizontal Routing Utilization  = 4.34618 %
  Routable Net Status*
  *Does not include unroutable nets such as driverless and loadless.
  Run report_route_status for detailed report.
  Number of Failed Nets               = 0
    (Failed Nets is the sum of unrouted and partially routed nets)
  Number of Unrouted Nets             = 0
  Number of Partially Routed Nets     = 0
  Number of Node Overlaps             = 0

Phase 8 Route finalize | Checksum: 1bd174267

Time (s): cpu = 00:01:05 ; elapsed = 00:00:49 . Memory (MB): peak = 2441.020 ; gain = 0.000

Phase 9 Verifying routed nets

 Verification completed successfully
Phase 9 Verifying routed nets | Checksum: 1bd174267

Time (s): cpu = 00:01:06 ; elapsed = 00:00:49 . Memory (MB): peak = 2441.020 ; gain = 0.000

Phase 10 Depositing Routes
Phase 10 Depositing Routes | Checksum: 1a4082b3e

Time (s): cpu = 00:01:07 ; elapsed = 00:00:51 . Memory (MB): peak = 2441.020 ; gain = 0.000

Phase 11 Post Process Routing
Phase 11 Post Process Routing | Checksum: 1a4082b3e

Time (s): cpu = 00:01:07 ; elapsed = 00:00:51 . Memory (MB): peak = 2441.020 ; gain = 0.000

Phase 12 Post Router Timing
INFO: [Route 35-57] Estimated Timing Summary | WNS=6.920  | TNS=0.000  | WHS=0.021  | THS=0.000  |

INFO: [Route 35-327] The final timing numbers are based on the router estimated timing analysis. For a complete and accurate timing signoff, please run report_timing_summary.
Phase 12 Post Router Timing | Checksum: 1a4082b3e

Time (s): cpu = 00:01:07 ; elapsed = 00:00:51 . Memory (MB): peak = 2441.020 ; gain = 0.000
Total Elapsed time in route_design: 50.678 secs

Phase 13 Post-Route Event Processing
Phase 13 Post-Route Event Processing | Checksum: 169e29bb1

Time (s): cpu = 00:01:08 ; elapsed = 00:00:51 . Memory (MB): peak = 2441.020 ; gain = 0.000
INFO: [Route 35-16] Router Completed Successfully
Ending Routing Task | Checksum: 169e29bb1

Time (s): cpu = 00:01:08 ; elapsed = 00:00:51 . Memory (MB): peak = 2441.020 ; gain = 0.000

Routing Is Done.
INFO: [Common 17-83] Releasing license: Implementation
131 Infos, 31 Warnings, 2 Critical Warnings and 0 Errors encountered.
route_design completed successfully
route_design: Time (s): cpu = 00:01:08 ; elapsed = 00:00:51 . Memory (MB): peak = 2441.020 ; gain = 0.000
INFO: [Vivado 12-24828] Executing command : report_drc -file spi_to_dma_wrapper_drc_routed.rpt -pb spi_to_dma_wrapper_drc_routed.pb -rpx spi_to_dma_wrapper_drc_routed.rpx
Command: report_drc -file spi_to_dma_wrapper_drc_routed.rpt -pb spi_to_dma_wrapper_drc_routed.pb -rpx spi_to_dma_wrapper_drc_routed.rpx
INFO: [IP_Flow 19-1839] IP Catalog is up to date.
INFO: [DRC 23-27] Running DRC with 2 threads
INFO: [Vivado_Tcl 2-168] The results of DRC are in file C:/Users/marce/OneDrive/Dokumente/zynq_project/spi_to_dma/spi_to_dma.runs/impl_1/spi_to_dma_wrapper_drc_routed.rpt.
report_drc completed successfully
report_drc: Time (s): cpu = 00:00:17 ; elapsed = 00:00:09 . Memory (MB): peak = 2441.020 ; gain = 0.000
INFO: [Vivado 12-24828] Executing command : report_methodology -file spi_to_dma_wrapper_methodology_drc_routed.rpt -pb spi_to_dma_wrapper_methodology_drc_routed.pb -rpx spi_to_dma_wrapper_methodology_drc_routed.rpx
Command: report_methodology -file spi_to_dma_wrapper_methodology_drc_routed.rpt -pb spi_to_dma_wrapper_methodology_drc_routed.pb -rpx spi_to_dma_wrapper_methodology_drc_routed.rpx
INFO: [Timing 38-35] Done setting XDC timing constraints.
INFO: [DRC 23-133] Running Methodology with 2 threads
INFO: [Vivado_Tcl 2-1520] The results of Report Methodology are in file C:/Users/marce/OneDrive/Dokumente/zynq_project/spi_to_dma/spi_to_dma.runs/impl_1/spi_to_dma_wrapper_methodology_drc_routed.rpt.
report_methodology completed successfully
report_methodology: Time (s): cpu = 00:00:22 ; elapsed = 00:00:13 . Memory (MB): peak = 2445.578 ; gain = 4.559
INFO: [Vivado 12-24828] Executing command : report_timing_summary -max_paths 10 -report_unconstrained -file spi_to_dma_wrapper_timing_summary_routed.rpt -pb spi_to_dma_wrapper_timing_summary_routed.pb -rpx spi_to_dma_wrapper_timing_summary_routed.rpx -warn_on_violation 
INFO: [Timing 38-35] Done setting XDC timing constraints.
INFO: [Timing 38-91] UpdateTimingParams: Speed grade: -1, Delay Type: min_max.
INFO: [Timing 38-191] Multithreading enabled for timing update using a maximum of 2 CPUs
WARNING: [Timing 38-436] There are set_bus_skew constraint(s) in this design. Please run report_bus_skew to ensure that bus skew requirements are met.
INFO: [Vivado 12-24838] Running report commands "report_incremental_reuse, report_route_status" in parallel.
Running report generation with 2 threads.
INFO: [Vivado 12-24828] Executing command : report_incremental_reuse -file spi_to_dma_wrapper_incremental_reuse_routed.rpt
INFO: [Vivado_Tcl 4-1062] Incremental flow is disabled. No incremental reuse Info to report.
INFO: [Vivado 12-24828] Executing command : report_route_status -file spi_to_dma_wrapper_route_status.rpt -pb spi_to_dma_wrapper_route_status.pb
INFO: [Vivado 12-24828] Executing command : report_power -file spi_to_dma_wrapper_power_routed.rpt -pb spi_to_dma_wrapper_power_summary_routed.pb -rpx spi_to_dma_wrapper_power_routed.rpx
Command: report_power -file spi_to_dma_wrapper_power_routed.rpt -pb spi_to_dma_wrapper_power_summary_routed.pb -rpx spi_to_dma_wrapper_power_routed.rpx
Running Vector-less Activity Propagation...

Finished Running Vector-less Activity Propagation
148 Infos, 32 Warnings, 2 Critical Warnings and 0 Errors encountered.
report_power completed successfully
INFO: [Vivado 12-24828] Executing command : report_clock_utilization -file spi_to_dma_wrapper_clock_utilization_routed.rpt
INFO: [Vivado 12-24828] Executing command : report_bus_skew -warn_on_violation -file spi_to_dma_wrapper_bus_skew_routed.rpt -pb spi_to_dma_wrapper_bus_skew_routed.pb -rpx spi_to_dma_wrapper_bus_skew_routed.rpx
INFO: [Timing 38-91] UpdateTimingParams: Speed grade: -1, Delay Type: min_max.
INFO: [Timing 38-191] Multithreading enabled for timing update using a maximum of 2 CPUs
generate_parallel_reports: Time (s): cpu = 00:00:53 ; elapsed = 00:00:32 . Memory (MB): peak = 2491.871 ; gain = 50.852
INFO: [Timing 38-480] Writing timing data to binary archive.
Write ShapeDB Complete: Time (s): cpu = 00:00:00 ; elapsed = 00:00:00.095 . Memory (MB): peak = 2517.277 ; gain = 9.926
Wrote PlaceDB: Time (s): cpu = 00:00:06 ; elapsed = 00:00:02 . Memory (MB): peak = 2528.395 ; gain = 21.016
Wrote PulsedLatchDB: Time (s): cpu = 00:00:00 ; elapsed = 00:00:00 . Memory (MB): peak = 2528.395 ; gain = 0.000
Writing XDEF routing.
Writing XDEF routing logical nets.
Writing XDEF routing special nets.
Wrote RouteStorage: Time (s): cpu = 00:00:01 ; elapsed = 00:00:00.278 . Memory (MB): peak = 2528.395 ; gain = 0.000
Wrote Netlist Cache: Time (s): cpu = 00:00:00 ; elapsed = 00:00:00.030 . Memory (MB): peak = 2528.395 ; gain = 0.000
Wrote Device Cache: Time (s): cpu = 00:00:00 ; elapsed = 00:00:00.015 . Memory (MB): peak = 2528.395 ; gain = 0.000
Write Physdb Complete: Time (s): cpu = 00:00:07 ; elapsed = 00:00:02 . Memory (MB): peak = 2528.395 ; gain = 21.016
INFO: [Common 17-1381] The checkpoint 'C:/Users/marce/OneDrive/Dokumente/zynq_project/spi_to_dma/spi_to_dma.runs/impl_1/spi_to_dma_wrapper_routed.dcp' has been generated.
INFO: [Memdata 28-208] The XPM instance: <spi_to_dma_i/axi_quad_spi_0/U0/NO_DUAL_QUAD_MODE.QSPI_NORMAL/QSPI_LEGACY_MD_GEN.QSPI_CORE_INTERFACE_I/FIFO_EXISTS.TX_FIFO_II/xpm_fifo_instance.xpm_fifo_async_inst/gnuram_async_fifo.xpm_fifo_base_inst/gen_sdpram.xpm_memory_base_inst> is part of IP: <spi_to_dma_i/axi_quad_spi_0>. This XPM instance will be excluded from the .mmi because updatemem is prohibited from making changes to an XPM that is part of an IP.
INFO: [Memdata 28-208] The XPM instance: <spi_to_dma_i/axi_quad_spi_0/U0/NO_DUAL_QUAD_MODE.QSPI_NORMAL/QSPI_LEGACY_MD_GEN.QSPI_CORE_INTERFACE_I/FIFO_EXISTS.RX_FIFO_II/gnuram_async_fifo.xpm_fifo_base_inst/gen_sdpram.xpm_memory_base_inst> is part of IP: <spi_to_dma_i/axi_quad_spi_0>. This XPM instance will be excluded from the .mmi because updatemem is prohibited from making changes to an XPM that is part of an IP.
INFO: [Memdata 28-167] Found XPM memory block spi_to_dma_i/axi_dma_0/U0/I_PRMRY_DATAMOVER/GEN_S2MM_FULL.I_S2MM_FULL_WRAPPER/GEN_ENABLE_INDET_BTT_SF.I_INDET_BTT/I_XD_FIFO/NON_BLK_MEM.I_SYNC_FIFOGEN_FIFO/xpm_fifo_instance.xpm_fifo_sync_inst/xpm_fifo_base_inst/gen_sdpram.xpm_memory_base_inst with a P_MEMORY_PRIMITIVE property set to auto. A value of block is required. You will not be able to use the updatemem program to update the bitstream with new data for the spi_to_dma_i/axi_dma_0/U0/I_PRMRY_DATAMOVER/GEN_S2MM_FULL.I_S2MM_FULL_WRAPPER/GEN_ENABLE_INDET_BTT_SF.I_INDET_BTT/I_XD_FIFO/NON_BLK_MEM.I_SYNC_FIFOGEN_FIFO/xpm_fifo_instance.xpm_fifo_sync_inst/xpm_fifo_base_inst/gen_sdpram.xpm_memory_base_inst block.
INFO: [Memdata 28-208] The XPM instance: <spi_to_dma_i/axi_dma_0/U0/I_PRMRY_DATAMOVER/GEN_S2MM_FULL.I_S2MM_FULL_WRAPPER/GEN_ENABLE_INDET_BTT_SF.I_INDET_BTT/I_DATA_FIFO/BLK_MEM.I_SYNC_FIFOGEN_FIFO/xpm_fifo_instance.xpm_fifo_sync_inst/xpm_fifo_base_inst/gen_sdpram.xpm_memory_base_inst> is part of IP: <spi_to_dma_i/axi_dma_0>. This XPM instance will be excluded from the .mmi because updatemem is prohibited from making changes to an XPM that is part of an IP.
Command: write_bitstream -force spi_to_dma_wrapper.bit
Attempting to get a license for feature 'Implementation' and/or device 'xc7z020'
INFO: [Common 17-349] Got license for feature 'Implementation' and/or device 'xc7z020'
Running DRC as a precondition to command write_bitstream
INFO: [IP_Flow 19-1839] IP Catalog is up to date.
INFO: [DRC 23-27] Running DRC with 2 threads
INFO: [Vivado 12-3199] DRC finished with 0 Errors
INFO: [Vivado 12-3200] Please refer to the DRC report (report_drc) for more information.
INFO: [Designutils 20-2272] Running write_bitstream with 2 threads.
Loading data files...
Loading site data...
Loading route data...
Processing options...
Creating bitmap...
Creating bitstream...
Writing bitstream ./spi_to_dma_wrapper.bit...
INFO: [Vivado 12-1842] Bitgen Completed Successfully.
INFO: [Project 1-1876] WebTalk data collection is mandatory when using a ULT device. To see the specific WebTalk data collected for your design, open the usage_statistics_webtalk.html or usage_statistics_webtalk.xml file in the implementation directory.
INFO: [Common 17-83] Releasing license: Implementation
167 Infos, 32 Warnings, 2 Critical Warnings and 0 Errors encountered.
write_bitstream completed successfully
write_bitstream: Time (s): cpu = 00:00:56 ; elapsed = 00:00:37 . Memory (MB): peak = 3035.531 ; gain = 507.137
INFO: [Common 17-206] Exiting Vivado at Thu May 15 15:22:15 2025...
