14:30:23 DEBUG : Logs will be stored at 'C:/Users/marce/OneDrive/Dokumente/zynq_project/spi_to_dma/IDE.log'.
14:30:26 INFO  : Launching XSCT server: xsct.bat -n  -interactive C:\Users\marce\OneDrive\Dokumente\zynq_project\spi_to_dma\temp_xsdb_launch_script.tcl
14:30:26 INFO  : Registering command handlers for Vitis TCF services
14:30:26 INFO  : Platform repository initialization has completed.
14:30:29 INFO  : XSCT server has started successfully.
14:30:29 INFO  : plnx-install-location is set to ''
14:30:29 INFO  : Successfully done setting XSCT server connection channel  
14:30:29 INFO  : Successfully done query RDI_DATADIR 
14:30:29 INFO  : Successfully done setting workspace for the tool. 
14:35:21 INFO  : Result from executing command 'getProjects': spi_to_dma
14:35:21 INFO  : Result from executing command 'getPlatforms': xilinx_zcu102_base_202420_1|C:/Xilinx/Vitis/2024.2/base_platforms/xilinx_zcu102_base_202420_1/xilinx_zcu102_base_202420_1.xpfm;xilinx_zcu102_base_dfx_202420_1|C:/Xilinx/Vitis/2024.2/base_platforms/xilinx_zcu102_base_dfx_202420_1/xilinx_zcu102_base_dfx_202420_1.xpfm;xilinx_zcu104_base_202420_1|C:/Xilinx/Vitis/2024.2/base_platforms/xilinx_zcu104_base_202420_1/xilinx_zcu104_base_202420_1.xpfm
14:43:52 INFO  : Result from executing command 'getProjects': spi_to_dma
14:43:52 INFO  : Result from executing command 'getPlatforms': spi_to_dma|C:/Users/marce/OneDrive/Dokumente/zynq_project/spi_to_dma/spi_to_dma/export/spi_to_dma/spi_to_dma.xpfm;xilinx_zcu102_base_202420_1|C:/Xilinx/Vitis/2024.2/base_platforms/xilinx_zcu102_base_202420_1/xilinx_zcu102_base_202420_1.xpfm;xilinx_zcu102_base_dfx_202420_1|C:/Xilinx/Vitis/2024.2/base_platforms/xilinx_zcu102_base_dfx_202420_1/xilinx_zcu102_base_dfx_202420_1.xpfm;xilinx_zcu104_base_202420_1|C:/Xilinx/Vitis/2024.2/base_platforms/xilinx_zcu104_base_202420_1/xilinx_zcu104_base_202420_1.xpfm
14:43:53 INFO  : Checking for BSP changes to sync application flags for project 'spi_to_dma_1'...
14:44:46 INFO  : Checking for BSP changes to sync application flags for project 'spi_to_dma_1'...
14:45:38 INFO  : Checking for BSP changes to sync application flags for project 'spi_to_dma_1'...
14:48:50 DEBUG : Logs will be stored at 'C:/Users/marce/OneDrive/Dokumente/zynq_project/spi_to_dma/IDE.log'.
14:48:50 INFO  : Launching XSCT server: xsct.bat -n  -interactive C:\Users\marce\OneDrive\Dokumente\zynq_project\spi_to_dma\temp_xsdb_launch_script.tcl
14:48:53 INFO  : Registering command handlers for Vitis TCF services
14:48:53 INFO  : XSCT server has started successfully.
14:48:53 INFO  : Successfully done setting XSCT server connection channel  
14:48:53 INFO  : plnx-install-location is set to ''
14:48:54 INFO  : Successfully done query RDI_DATADIR 
14:48:54 INFO  : Successfully done setting workspace for the tool. 
14:48:54 INFO  : Platform repository initialization has completed.
14:50:09 INFO  : Result from executing command 'getProjects': spi_to_dma
14:50:09 INFO  : Result from executing command 'getPlatforms': spi_to_dma|C:/Users/marce/OneDrive/Dokumente/zynq_project/spi_to_dma/spi_to_dma/export/spi_to_dma/spi_to_dma.xpfm;xilinx_zcu102_base_202420_1|C:/Xilinx/Vitis/2024.2/base_platforms/xilinx_zcu102_base_202420_1/xilinx_zcu102_base_202420_1.xpfm;xilinx_zcu102_base_dfx_202420_1|C:/Xilinx/Vitis/2024.2/base_platforms/xilinx_zcu102_base_dfx_202420_1/xilinx_zcu102_base_dfx_202420_1.xpfm;xilinx_zcu104_base_202420_1|C:/Xilinx/Vitis/2024.2/base_platforms/xilinx_zcu104_base_202420_1/xilinx_zcu104_base_202420_1.xpfm
14:50:10 INFO  : Checking for BSP changes to sync application flags for project 'hellowrld'...
14:50:58 INFO  : Connected to target on host '127.0.0.1' and port '3121'.
14:51:00 INFO  : Jtag cable 'Digilent Zybo Z7 210351B7BC1AA' is selected.
14:51:00 INFO  : 'jtag frequency' command is executed.
14:51:00 INFO  : Context for 'APU' is selected.
14:51:00 INFO  : System reset is completed.
14:51:03 INFO  : 'after 3000' command is executed.
14:51:03 INFO  : 'targets -set -filter {jtag_cable_name =~ "Digilent Zybo Z7 210351B7BC1AA" && level==0 && jtag_device_ctx=="jsn-Zybo Z7-210351B7BC1AA-23727093-0"}' command is executed.
14:51:05 INFO  : Device configured successfully with "C:/Users/marce/OneDrive/Dokumente/zynq_project/spi_to_dma/hellowrld/_ide/bitstream/spi_to_dma.bit"
14:51:06 INFO  : Context for 'APU' is selected.
14:51:06 INFO  : Hardware design and registers information is loaded from 'C:/Users/marce/OneDrive/Dokumente/zynq_project/spi_to_dma/spi_to_dma/export/spi_to_dma/hw/spi_to_dma.xsa'.
14:51:06 INFO  : 'configparams force-mem-access 1' command is executed.
14:51:06 INFO  : Context for 'APU' is selected.
14:51:06 INFO  : Sourcing of 'C:/Users/marce/OneDrive/Dokumente/zynq_project/spi_to_dma/hellowrld/_ide/psinit/ps7_init.tcl' is done.
14:51:06 INFO  : 'ps7_init' command is executed.
14:51:06 INFO  : 'ps7_post_config' command is executed.
14:51:06 INFO  : Context for processor 'ps7_cortexa9_0' is selected.
14:51:06 INFO  : The application 'C:/Users/marce/OneDrive/Dokumente/zynq_project/spi_to_dma/hellowrld/Debug/hellowrld.elf' is downloaded to processor 'ps7_cortexa9_0'.
14:51:06 INFO  : 'configparams force-mem-access 0' command is executed.
14:51:06 INFO  : ----------------XSDB Script----------------
connect -url tcp:127.0.0.1:3121
targets -set -nocase -filter {name =~"APU*"}
rst -system
after 3000
targets -set -filter {jtag_cable_name =~ "Digilent Zybo Z7 210351B7BC1AA" && level==0 && jtag_device_ctx=="jsn-Zybo Z7-210351B7BC1AA-23727093-0"}
fpga -file C:/Users/marce/OneDrive/Dokumente/zynq_project/spi_to_dma/hellowrld/_ide/bitstream/spi_to_dma.bit
targets -set -nocase -filter {name =~"APU*"}
loadhw -hw C:/Users/marce/OneDrive/Dokumente/zynq_project/spi_to_dma/spi_to_dma/export/spi_to_dma/hw/spi_to_dma.xsa -mem-ranges [list {0x40000000 0xbfffffff}] -regs
configparams force-mem-access 1
targets -set -nocase -filter {name =~"APU*"}
source C:/Users/marce/OneDrive/Dokumente/zynq_project/spi_to_dma/hellowrld/_ide/psinit/ps7_init.tcl
ps7_init
ps7_post_config
targets -set -nocase -filter {name =~ "*A9*#0"}
dow C:/Users/marce/OneDrive/Dokumente/zynq_project/spi_to_dma/hellowrld/Debug/hellowrld.elf
configparams force-mem-access 0
----------------End of Script----------------

14:51:06 INFO  : Context for processor 'ps7_cortexa9_0' is selected.
14:51:07 INFO  : 'con' command is executed.
14:51:07 INFO  : ----------------XSDB Script (After Launch)----------------
targets -set -nocase -filter {name =~ "*A9*#0"}
con
----------------End of Script----------------

14:51:07 INFO  : Launch script is exported to file 'C:\Users\marce\OneDrive\Dokumente\zynq_project\spi_to_dma\hellowrld_system\_ide\scripts\systemdebugger_hellowrld_system_standalone.tcl'
14:52:06 INFO  : Checking for BSP changes to sync application flags for project 'hellowrld'...
14:54:06 INFO  : Disconnected from the channel tcfchan#2.
14:54:06 INFO  : Connected to target on host '127.0.0.1' and port '3121'.
14:54:06 INFO  : Jtag cable 'Digilent Zybo Z7 210351B7BC1AA' is selected.
14:54:06 INFO  : 'jtag frequency' command is executed.
14:54:06 INFO  : Context for 'APU' is selected.
14:54:06 INFO  : System reset is completed.
14:54:09 INFO  : 'after 3000' command is executed.
14:54:09 INFO  : 'targets -set -filter {jtag_cable_name =~ "Digilent Zybo Z7 210351B7BC1AA" && level==0 && jtag_device_ctx=="jsn-Zybo Z7-210351B7BC1AA-23727093-0"}' command is executed.
14:54:12 INFO  : Device configured successfully with "C:/Users/marce/OneDrive/Dokumente/zynq_project/spi_to_dma/hellowrld/_ide/bitstream/spi_to_dma.bit"
14:54:12 INFO  : Context for 'APU' is selected.
14:54:12 INFO  : Hardware design and registers information is loaded from 'C:/Users/marce/OneDrive/Dokumente/zynq_project/spi_to_dma/spi_to_dma/export/spi_to_dma/hw/spi_to_dma.xsa'.
14:54:12 INFO  : 'configparams force-mem-access 1' command is executed.
14:54:12 INFO  : Context for 'APU' is selected.
14:54:12 INFO  : Sourcing of 'C:/Users/marce/OneDrive/Dokumente/zynq_project/spi_to_dma/hellowrld/_ide/psinit/ps7_init.tcl' is done.
14:54:12 INFO  : 'ps7_init' command is executed.
14:54:12 INFO  : 'ps7_post_config' command is executed.
14:54:12 INFO  : Context for processor 'ps7_cortexa9_0' is selected.
14:54:12 INFO  : The application 'C:/Users/marce/OneDrive/Dokumente/zynq_project/spi_to_dma/hellowrld/Debug/hellowrld.elf' is downloaded to processor 'ps7_cortexa9_0'.
14:54:12 INFO  : 'configparams force-mem-access 0' command is executed.
14:54:12 INFO  : ----------------XSDB Script----------------
connect -url tcp:127.0.0.1:3121
targets -set -nocase -filter {name =~"APU*"}
rst -system
after 3000
targets -set -filter {jtag_cable_name =~ "Digilent Zybo Z7 210351B7BC1AA" && level==0 && jtag_device_ctx=="jsn-Zybo Z7-210351B7BC1AA-23727093-0"}
fpga -file C:/Users/marce/OneDrive/Dokumente/zynq_project/spi_to_dma/hellowrld/_ide/bitstream/spi_to_dma.bit
targets -set -nocase -filter {name =~"APU*"}
loadhw -hw C:/Users/marce/OneDrive/Dokumente/zynq_project/spi_to_dma/spi_to_dma/export/spi_to_dma/hw/spi_to_dma.xsa -mem-ranges [list {0x40000000 0xbfffffff}] -regs
configparams force-mem-access 1
targets -set -nocase -filter {name =~"APU*"}
source C:/Users/marce/OneDrive/Dokumente/zynq_project/spi_to_dma/hellowrld/_ide/psinit/ps7_init.tcl
ps7_init
ps7_post_config
targets -set -nocase -filter {name =~ "*A9*#0"}
dow C:/Users/marce/OneDrive/Dokumente/zynq_project/spi_to_dma/hellowrld/Debug/hellowrld.elf
configparams force-mem-access 0
----------------End of Script----------------

14:54:12 INFO  : Context for processor 'ps7_cortexa9_0' is selected.
14:54:12 INFO  : 'con' command is executed.
14:54:12 INFO  : ----------------XSDB Script (After Launch)----------------
targets -set -nocase -filter {name =~ "*A9*#0"}
con
----------------End of Script----------------

14:54:13 INFO  : Launch script is exported to file 'C:\Users\marce\OneDrive\Dokumente\zynq_project\spi_to_dma\hellowrld_system\_ide\scripts\systemdebugger_hellowrld_system_standalone.tcl'
15:00:34 INFO  : Disconnected from the channel tcfchan#3.
15:00:34 INFO  : Connected to target on host '127.0.0.1' and port '3121'.
15:00:34 INFO  : Jtag cable 'Digilent Zybo Z7 210351B7BC1AA' is selected.
15:00:34 INFO  : 'jtag frequency' command is executed.
15:00:34 INFO  : Context for 'APU' is selected.
15:00:34 INFO  : System reset is completed.
15:00:37 INFO  : 'after 3000' command is executed.
15:00:37 INFO  : 'targets -set -filter {jtag_cable_name =~ "Digilent Zybo Z7 210351B7BC1AA" && level==0 && jtag_device_ctx=="jsn-Zybo Z7-210351B7BC1AA-23727093-0"}' command is executed.
15:00:40 INFO  : Device configured successfully with "C:/Users/marce/OneDrive/Dokumente/zynq_project/spi_to_dma/hellowrld/_ide/bitstream/spi_to_dma.bit"
15:00:40 INFO  : Context for 'APU' is selected.
15:00:40 INFO  : Hardware design and registers information is loaded from 'C:/Users/marce/OneDrive/Dokumente/zynq_project/spi_to_dma/spi_to_dma/export/spi_to_dma/hw/spi_to_dma.xsa'.
15:00:40 INFO  : 'configparams force-mem-access 1' command is executed.
15:00:40 INFO  : Context for 'APU' is selected.
15:00:40 INFO  : Sourcing of 'C:/Users/marce/OneDrive/Dokumente/zynq_project/spi_to_dma/hellowrld/_ide/psinit/ps7_init.tcl' is done.
15:00:40 INFO  : 'ps7_init' command is executed.
15:00:40 INFO  : 'ps7_post_config' command is executed.
15:00:40 INFO  : Context for processor 'ps7_cortexa9_0' is selected.
15:00:40 INFO  : The application 'C:/Users/marce/OneDrive/Dokumente/zynq_project/spi_to_dma/hellowrld/Debug/hellowrld.elf' is downloaded to processor 'ps7_cortexa9_0'.
15:00:40 INFO  : 'configparams force-mem-access 0' command is executed.
15:00:40 INFO  : ----------------XSDB Script----------------
connect -url tcp:127.0.0.1:3121
targets -set -nocase -filter {name =~"APU*"}
rst -system
after 3000
targets -set -filter {jtag_cable_name =~ "Digilent Zybo Z7 210351B7BC1AA" && level==0 && jtag_device_ctx=="jsn-Zybo Z7-210351B7BC1AA-23727093-0"}
fpga -file C:/Users/marce/OneDrive/Dokumente/zynq_project/spi_to_dma/hellowrld/_ide/bitstream/spi_to_dma.bit
targets -set -nocase -filter {name =~"APU*"}
loadhw -hw C:/Users/marce/OneDrive/Dokumente/zynq_project/spi_to_dma/spi_to_dma/export/spi_to_dma/hw/spi_to_dma.xsa -mem-ranges [list {0x40000000 0xbfffffff}] -regs
configparams force-mem-access 1
targets -set -nocase -filter {name =~"APU*"}
source C:/Users/marce/OneDrive/Dokumente/zynq_project/spi_to_dma/hellowrld/_ide/psinit/ps7_init.tcl
ps7_init
ps7_post_config
targets -set -nocase -filter {name =~ "*A9*#0"}
dow C:/Users/marce/OneDrive/Dokumente/zynq_project/spi_to_dma/hellowrld/Debug/hellowrld.elf
configparams force-mem-access 0
----------------End of Script----------------

15:00:40 INFO  : Context for processor 'ps7_cortexa9_0' is selected.
15:00:41 INFO  : 'con' command is executed.
15:00:41 INFO  : ----------------XSDB Script (After Launch)----------------
targets -set -nocase -filter {name =~ "*A9*#0"}
con
----------------End of Script----------------

15:00:41 INFO  : Launch script is exported to file 'C:\Users\marce\OneDrive\Dokumente\zynq_project\spi_to_dma\hellowrld_system\_ide\scripts\systemdebugger_hellowrld_system_standalone.tcl'
15:03:10 INFO  : Disconnected from the channel tcfchan#4.
15:03:10 INFO  : Connected to target on host '127.0.0.1' and port '3121'.
15:03:10 INFO  : Jtag cable 'Digilent Zybo Z7 210351B7BC1AA' is selected.
15:03:10 INFO  : 'jtag frequency' command is executed.
15:03:10 INFO  : Context for 'APU' is selected.
15:03:10 INFO  : System reset is completed.
15:03:13 INFO  : 'after 3000' command is executed.
15:03:13 INFO  : 'targets -set -filter {jtag_cable_name =~ "Digilent Zybo Z7 210351B7BC1AA" && level==0 && jtag_device_ctx=="jsn-Zybo Z7-210351B7BC1AA-23727093-0"}' command is executed.
15:03:16 INFO  : Device configured successfully with "C:/Users/marce/OneDrive/Dokumente/zynq_project/spi_to_dma/hellowrld/_ide/bitstream/spi_to_dma.bit"
15:03:16 INFO  : Context for 'APU' is selected.
15:03:16 INFO  : Hardware design and registers information is loaded from 'C:/Users/marce/OneDrive/Dokumente/zynq_project/spi_to_dma/spi_to_dma/export/spi_to_dma/hw/spi_to_dma.xsa'.
15:03:16 INFO  : 'configparams force-mem-access 1' command is executed.
15:03:16 INFO  : Context for 'APU' is selected.
15:03:16 INFO  : Sourcing of 'C:/Users/marce/OneDrive/Dokumente/zynq_project/spi_to_dma/hellowrld/_ide/psinit/ps7_init.tcl' is done.
15:03:16 INFO  : 'ps7_init' command is executed.
15:03:16 INFO  : 'ps7_post_config' command is executed.
15:03:16 INFO  : Context for processor 'ps7_cortexa9_0' is selected.
15:03:16 INFO  : The application 'C:/Users/marce/OneDrive/Dokumente/zynq_project/spi_to_dma/hellowrld/Debug/hellowrld.elf' is downloaded to processor 'ps7_cortexa9_0'.
15:03:16 INFO  : 'configparams force-mem-access 0' command is executed.
15:03:16 INFO  : ----------------XSDB Script----------------
connect -url tcp:127.0.0.1:3121
targets -set -nocase -filter {name =~"APU*"}
rst -system
after 3000
targets -set -filter {jtag_cable_name =~ "Digilent Zybo Z7 210351B7BC1AA" && level==0 && jtag_device_ctx=="jsn-Zybo Z7-210351B7BC1AA-23727093-0"}
fpga -file C:/Users/marce/OneDrive/Dokumente/zynq_project/spi_to_dma/hellowrld/_ide/bitstream/spi_to_dma.bit
targets -set -nocase -filter {name =~"APU*"}
loadhw -hw C:/Users/marce/OneDrive/Dokumente/zynq_project/spi_to_dma/spi_to_dma/export/spi_to_dma/hw/spi_to_dma.xsa -mem-ranges [list {0x40000000 0xbfffffff}] -regs
configparams force-mem-access 1
targets -set -nocase -filter {name =~"APU*"}
source C:/Users/marce/OneDrive/Dokumente/zynq_project/spi_to_dma/hellowrld/_ide/psinit/ps7_init.tcl
ps7_init
ps7_post_config
targets -set -nocase -filter {name =~ "*A9*#0"}
dow C:/Users/marce/OneDrive/Dokumente/zynq_project/spi_to_dma/hellowrld/Debug/hellowrld.elf
configparams force-mem-access 0
----------------End of Script----------------

15:03:16 INFO  : Context for processor 'ps7_cortexa9_0' is selected.
15:03:16 INFO  : 'con' command is executed.
15:03:16 INFO  : ----------------XSDB Script (After Launch)----------------
targets -set -nocase -filter {name =~ "*A9*#0"}
con
----------------End of Script----------------

15:03:16 INFO  : Launch script is exported to file 'C:\Users\marce\OneDrive\Dokumente\zynq_project\spi_to_dma\hellowrld_system\_ide\scripts\systemdebugger_hellowrld_system_standalone.tcl'
15:03:38 INFO  : Disconnected from the channel tcfchan#5.
15:03:39 INFO  : Connected to target on host '127.0.0.1' and port '3121'.
15:03:39 INFO  : Jtag cable 'Digilent Zybo Z7 210351B7BC1AA' is selected.
15:03:39 INFO  : 'jtag frequency' command is executed.
15:03:39 INFO  : Context for 'APU' is selected.
15:03:39 INFO  : System reset is completed.
15:03:42 INFO  : 'after 3000' command is executed.
15:03:42 INFO  : 'targets -set -filter {jtag_cable_name =~ "Digilent Zybo Z7 210351B7BC1AA" && level==0 && jtag_device_ctx=="jsn-Zybo Z7-210351B7BC1AA-23727093-0"}' command is executed.
15:03:45 INFO  : Device configured successfully with "C:/Users/marce/OneDrive/Dokumente/zynq_project/spi_to_dma/hellowrld/_ide/bitstream/spi_to_dma.bit"
15:03:45 INFO  : Context for 'APU' is selected.
15:03:45 INFO  : Hardware design and registers information is loaded from 'C:/Users/marce/OneDrive/Dokumente/zynq_project/spi_to_dma/spi_to_dma/export/spi_to_dma/hw/spi_to_dma.xsa'.
15:03:45 INFO  : 'configparams force-mem-access 1' command is executed.
15:03:45 INFO  : Context for 'APU' is selected.
15:03:45 INFO  : Sourcing of 'C:/Users/marce/OneDrive/Dokumente/zynq_project/spi_to_dma/hellowrld/_ide/psinit/ps7_init.tcl' is done.
15:03:45 INFO  : 'ps7_init' command is executed.
15:03:45 INFO  : 'ps7_post_config' command is executed.
15:03:45 INFO  : Context for processor 'ps7_cortexa9_0' is selected.
15:03:45 INFO  : The application 'C:/Users/marce/OneDrive/Dokumente/zynq_project/spi_to_dma/hellowrld/Debug/hellowrld.elf' is downloaded to processor 'ps7_cortexa9_0'.
15:03:45 INFO  : 'configparams force-mem-access 0' command is executed.
15:03:45 INFO  : ----------------XSDB Script----------------
connect -url tcp:127.0.0.1:3121
targets -set -nocase -filter {name =~"APU*"}
rst -system
after 3000
targets -set -filter {jtag_cable_name =~ "Digilent Zybo Z7 210351B7BC1AA" && level==0 && jtag_device_ctx=="jsn-Zybo Z7-210351B7BC1AA-23727093-0"}
fpga -file C:/Users/marce/OneDrive/Dokumente/zynq_project/spi_to_dma/hellowrld/_ide/bitstream/spi_to_dma.bit
targets -set -nocase -filter {name =~"APU*"}
loadhw -hw C:/Users/marce/OneDrive/Dokumente/zynq_project/spi_to_dma/spi_to_dma/export/spi_to_dma/hw/spi_to_dma.xsa -mem-ranges [list {0x40000000 0xbfffffff}] -regs
configparams force-mem-access 1
targets -set -nocase -filter {name =~"APU*"}
source C:/Users/marce/OneDrive/Dokumente/zynq_project/spi_to_dma/hellowrld/_ide/psinit/ps7_init.tcl
ps7_init
ps7_post_config
targets -set -nocase -filter {name =~ "*A9*#0"}
dow C:/Users/marce/OneDrive/Dokumente/zynq_project/spi_to_dma/hellowrld/Debug/hellowrld.elf
configparams force-mem-access 0
----------------End of Script----------------

15:03:45 INFO  : Context for processor 'ps7_cortexa9_0' is selected.
15:03:45 INFO  : 'con' command is executed.
15:03:45 INFO  : ----------------XSDB Script (After Launch)----------------
targets -set -nocase -filter {name =~ "*A9*#0"}
con
----------------End of Script----------------

15:03:45 INFO  : Launch script is exported to file 'C:\Users\marce\OneDrive\Dokumente\zynq_project\spi_to_dma\hellowrld_system\_ide\scripts\systemdebugger_hellowrld_system_standalone.tcl'
15:04:04 INFO  : Disconnected from the channel tcfchan#6.
15:04:04 INFO  : Connected to target on host '127.0.0.1' and port '3121'.
15:04:04 INFO  : Jtag cable 'Digilent Zybo Z7 210351B7BC1AA' is selected.
15:04:04 INFO  : 'jtag frequency' command is executed.
15:04:04 INFO  : Context for 'APU' is selected.
15:04:05 INFO  : System reset is completed.
15:04:08 INFO  : 'after 3000' command is executed.
15:04:08 INFO  : 'targets -set -filter {jtag_cable_name =~ "Digilent Zybo Z7 210351B7BC1AA" && level==0 && jtag_device_ctx=="jsn-Zybo Z7-210351B7BC1AA-23727093-0"}' command is executed.
15:04:10 INFO  : Device configured successfully with "C:/Users/marce/OneDrive/Dokumente/zynq_project/spi_to_dma/hellowrld/_ide/bitstream/spi_to_dma.bit"
15:04:10 INFO  : Context for 'APU' is selected.
15:04:10 INFO  : Hardware design and registers information is loaded from 'C:/Users/marce/OneDrive/Dokumente/zynq_project/spi_to_dma/spi_to_dma/export/spi_to_dma/hw/spi_to_dma.xsa'.
15:04:10 INFO  : 'configparams force-mem-access 1' command is executed.
15:04:10 INFO  : Context for 'APU' is selected.
15:04:10 INFO  : Sourcing of 'C:/Users/marce/OneDrive/Dokumente/zynq_project/spi_to_dma/hellowrld/_ide/psinit/ps7_init.tcl' is done.
15:04:10 INFO  : 'ps7_init' command is executed.
15:04:10 INFO  : 'ps7_post_config' command is executed.
15:04:10 INFO  : Context for processor 'ps7_cortexa9_0' is selected.
15:04:11 INFO  : The application 'C:/Users/marce/OneDrive/Dokumente/zynq_project/spi_to_dma/hellowrld/Debug/hellowrld.elf' is downloaded to processor 'ps7_cortexa9_0'.
15:04:11 INFO  : 'configparams force-mem-access 0' command is executed.
15:04:11 INFO  : ----------------XSDB Script----------------
connect -url tcp:127.0.0.1:3121
targets -set -nocase -filter {name =~"APU*"}
rst -system
after 3000
targets -set -filter {jtag_cable_name =~ "Digilent Zybo Z7 210351B7BC1AA" && level==0 && jtag_device_ctx=="jsn-Zybo Z7-210351B7BC1AA-23727093-0"}
fpga -file C:/Users/marce/OneDrive/Dokumente/zynq_project/spi_to_dma/hellowrld/_ide/bitstream/spi_to_dma.bit
targets -set -nocase -filter {name =~"APU*"}
loadhw -hw C:/Users/marce/OneDrive/Dokumente/zynq_project/spi_to_dma/spi_to_dma/export/spi_to_dma/hw/spi_to_dma.xsa -mem-ranges [list {0x40000000 0xbfffffff}] -regs
configparams force-mem-access 1
targets -set -nocase -filter {name =~"APU*"}
source C:/Users/marce/OneDrive/Dokumente/zynq_project/spi_to_dma/hellowrld/_ide/psinit/ps7_init.tcl
ps7_init
ps7_post_config
targets -set -nocase -filter {name =~ "*A9*#0"}
dow C:/Users/marce/OneDrive/Dokumente/zynq_project/spi_to_dma/hellowrld/Debug/hellowrld.elf
configparams force-mem-access 0
----------------End of Script----------------

15:04:11 INFO  : Context for processor 'ps7_cortexa9_0' is selected.
15:04:11 INFO  : 'con' command is executed.
15:04:11 INFO  : ----------------XSDB Script (After Launch)----------------
targets -set -nocase -filter {name =~ "*A9*#0"}
con
----------------End of Script----------------

15:04:11 INFO  : Launch script is exported to file 'C:\Users\marce\OneDrive\Dokumente\zynq_project\spi_to_dma\hellowrld_system\_ide\scripts\systemdebugger_hellowrld_system_standalone.tcl'
15:05:07 INFO  : Disconnected from the channel tcfchan#7.
15:05:08 INFO  : Connected to target on host '127.0.0.1' and port '3121'.
15:05:08 INFO  : Jtag cable 'Digilent Zybo Z7 210351B7BC1AA' is selected.
15:05:08 INFO  : 'jtag frequency' command is executed.
15:05:08 INFO  : Context for 'APU' is selected.
15:05:08 INFO  : System reset is completed.
15:05:11 INFO  : 'after 3000' command is executed.
15:05:11 INFO  : 'targets -set -filter {jtag_cable_name =~ "Digilent Zybo Z7 210351B7BC1AA" && level==0 && jtag_device_ctx=="jsn-Zybo Z7-210351B7BC1AA-23727093-0"}' command is executed.
15:05:13 INFO  : Device configured successfully with "C:/Users/marce/OneDrive/Dokumente/zynq_project/spi_to_dma/hellowrld/_ide/bitstream/spi_to_dma.bit"
15:05:13 INFO  : Context for 'APU' is selected.
15:05:13 INFO  : Hardware design and registers information is loaded from 'C:/Users/marce/OneDrive/Dokumente/zynq_project/spi_to_dma/spi_to_dma/export/spi_to_dma/hw/spi_to_dma.xsa'.
15:05:13 INFO  : 'configparams force-mem-access 1' command is executed.
15:05:13 INFO  : Context for 'APU' is selected.
15:05:13 INFO  : Sourcing of 'C:/Users/marce/OneDrive/Dokumente/zynq_project/spi_to_dma/hellowrld/_ide/psinit/ps7_init.tcl' is done.
15:05:14 INFO  : 'ps7_init' command is executed.
15:05:14 INFO  : 'ps7_post_config' command is executed.
15:05:14 INFO  : Context for processor 'ps7_cortexa9_0' is selected.
15:05:14 INFO  : The application 'C:/Users/marce/OneDrive/Dokumente/zynq_project/spi_to_dma/hellowrld/Debug/hellowrld.elf' is downloaded to processor 'ps7_cortexa9_0'.
15:05:14 INFO  : 'configparams force-mem-access 0' command is executed.
15:05:14 INFO  : ----------------XSDB Script----------------
connect -url tcp:127.0.0.1:3121
targets -set -nocase -filter {name =~"APU*"}
rst -system
after 3000
targets -set -filter {jtag_cable_name =~ "Digilent Zybo Z7 210351B7BC1AA" && level==0 && jtag_device_ctx=="jsn-Zybo Z7-210351B7BC1AA-23727093-0"}
fpga -file C:/Users/marce/OneDrive/Dokumente/zynq_project/spi_to_dma/hellowrld/_ide/bitstream/spi_to_dma.bit
targets -set -nocase -filter {name =~"APU*"}
loadhw -hw C:/Users/marce/OneDrive/Dokumente/zynq_project/spi_to_dma/spi_to_dma/export/spi_to_dma/hw/spi_to_dma.xsa -mem-ranges [list {0x40000000 0xbfffffff}] -regs
configparams force-mem-access 1
targets -set -nocase -filter {name =~"APU*"}
source C:/Users/marce/OneDrive/Dokumente/zynq_project/spi_to_dma/hellowrld/_ide/psinit/ps7_init.tcl
ps7_init
ps7_post_config
targets -set -nocase -filter {name =~ "*A9*#0"}
dow C:/Users/marce/OneDrive/Dokumente/zynq_project/spi_to_dma/hellowrld/Debug/hellowrld.elf
configparams force-mem-access 0
----------------End of Script----------------

15:05:14 INFO  : Context for processor 'ps7_cortexa9_0' is selected.
15:05:14 INFO  : 'con' command is executed.
15:05:14 INFO  : ----------------XSDB Script (After Launch)----------------
targets -set -nocase -filter {name =~ "*A9*#0"}
con
----------------End of Script----------------

15:05:14 INFO  : Launch script is exported to file 'C:\Users\marce\OneDrive\Dokumente\zynq_project\spi_to_dma\hellowrld_system\_ide\scripts\systemdebugger_hellowrld_system_standalone.tcl'
15:06:37 INFO  : Disconnected from the channel tcfchan#8.
15:06:57 DEBUG : Logs will be stored at 'C:/Users/marce/OneDrive/Dokumente/zynq_project/spi_to_dma/IDE.log'.
15:06:57 INFO  : Launching XSCT server: xsct.bat -n  -interactive C:\Users\marce\OneDrive\Dokumente\zynq_project\spi_to_dma\temp_xsdb_launch_script.tcl
15:07:00 INFO  : Platform repository initialization has completed.
15:07:00 INFO  : XSCT server has started successfully.
15:07:00 INFO  : plnx-install-location is set to ''
15:07:00 INFO  : Successfully done setting XSCT server connection channel  
15:07:00 INFO  : Successfully done setting workspace for the tool. 
15:07:02 INFO  : Successfully done query RDI_DATADIR 
15:07:02 INFO  : Registering command handlers for Vitis TCF services
15:11:33 DEBUG : Logs will be stored at 'C:/Users/marce/OneDrive/Dokumente/zynq_project/spi_to_dma/IDE.log'.
15:11:34 INFO  : Launching XSCT server: xsct.bat -n  -interactive C:\Users\marce\OneDrive\Dokumente\zynq_project\spi_to_dma\temp_xsdb_launch_script.tcl
15:11:36 INFO  : Platform repository initialization has completed.
15:11:39 INFO  : Registering command handlers for Vitis TCF services
15:11:39 INFO  : XSCT server has started successfully.
15:11:39 INFO  : plnx-install-location is set to ''
15:11:46 INFO  : Successfully done setting XSCT server connection channel  
15:11:46 INFO  : Successfully done query RDI_DATADIR 
15:11:46 INFO  : Successfully done setting workspace for the tool. 
15:13:31 INFO  : Connected to target on host '127.0.0.1' and port '3121'.
15:13:32 INFO  : Jtag cable 'Digilent Zybo Z7 210351B7BC1AA' is selected.
15:13:32 INFO  : 'jtag frequency' command is executed.
15:13:32 INFO  : Context for 'APU' is selected.
15:13:32 INFO  : System reset is completed.
15:13:35 INFO  : 'after 3000' command is executed.
15:13:35 INFO  : 'targets -set -filter {jtag_cable_name =~ "Digilent Zybo Z7 210351B7BC1AA" && level==0 && jtag_device_ctx=="jsn-Zybo Z7-210351B7BC1AA-23727093-0"}' command is executed.
15:13:37 INFO  : Device configured successfully with "C:/Users/marce/OneDrive/Dokumente/zynq_project/spi_to_dma/hellowrld/_ide/bitstream/spi_to_dma.bit"
15:13:37 INFO  : Context for 'APU' is selected.
15:13:37 INFO  : Hardware design and registers information is loaded from 'C:/Users/marce/OneDrive/Dokumente/zynq_project/spi_to_dma/spi_to_dma/export/spi_to_dma/hw/spi_to_dma.xsa'.
15:13:37 INFO  : 'configparams force-mem-access 1' command is executed.
15:13:37 INFO  : Context for 'APU' is selected.
15:13:38 INFO  : Sourcing of 'C:/Users/marce/OneDrive/Dokumente/zynq_project/spi_to_dma/hellowrld/_ide/psinit/ps7_init.tcl' is done.
15:13:38 INFO  : 'ps7_init' command is executed.
15:13:38 INFO  : 'ps7_post_config' command is executed.
15:13:38 INFO  : Context for processor 'ps7_cortexa9_0' is selected.
15:13:38 INFO  : The application 'C:/Users/marce/OneDrive/Dokumente/zynq_project/spi_to_dma/hellowrld/Debug/hellowrld.elf' is downloaded to processor 'ps7_cortexa9_0'.
15:13:38 INFO  : 'configparams force-mem-access 0' command is executed.
15:13:38 INFO  : ----------------XSDB Script----------------
connect -url tcp:127.0.0.1:3121
targets -set -nocase -filter {name =~"APU*"}
rst -system
after 3000
targets -set -filter {jtag_cable_name =~ "Digilent Zybo Z7 210351B7BC1AA" && level==0 && jtag_device_ctx=="jsn-Zybo Z7-210351B7BC1AA-23727093-0"}
fpga -file C:/Users/marce/OneDrive/Dokumente/zynq_project/spi_to_dma/hellowrld/_ide/bitstream/spi_to_dma.bit
targets -set -nocase -filter {name =~"APU*"}
loadhw -hw C:/Users/marce/OneDrive/Dokumente/zynq_project/spi_to_dma/spi_to_dma/export/spi_to_dma/hw/spi_to_dma.xsa -mem-ranges [list {0x40000000 0xbfffffff}] -regs
configparams force-mem-access 1
targets -set -nocase -filter {name =~"APU*"}
source C:/Users/marce/OneDrive/Dokumente/zynq_project/spi_to_dma/hellowrld/_ide/psinit/ps7_init.tcl
ps7_init
ps7_post_config
targets -set -nocase -filter {name =~ "*A9*#0"}
dow C:/Users/marce/OneDrive/Dokumente/zynq_project/spi_to_dma/hellowrld/Debug/hellowrld.elf
configparams force-mem-access 0
----------------End of Script----------------

15:13:38 INFO  : Context for processor 'ps7_cortexa9_0' is selected.
15:13:38 INFO  : 'con' command is executed.
15:13:38 INFO  : ----------------XSDB Script (After Launch)----------------
targets -set -nocase -filter {name =~ "*A9*#0"}
con
----------------End of Script----------------

15:13:38 INFO  : Launch script is exported to file 'C:\Users\marce\OneDrive\Dokumente\zynq_project\spi_to_dma\hellowrld_system\_ide\scripts\systemdebugger_hellowrld_system_standalone.tcl'
15:15:12 INFO  : Disconnected from the channel tcfchan#1.
15:15:12 INFO  : Connected to target on host '127.0.0.1' and port '3121'.
15:15:12 INFO  : Jtag cable 'Digilent Zybo Z7 210351B7BC1AA' is selected.
15:15:12 INFO  : 'jtag frequency' command is executed.
15:15:13 INFO  : Context for 'APU' is selected.
15:15:13 INFO  : System reset is completed.
15:15:16 INFO  : 'after 3000' command is executed.
15:15:16 INFO  : 'targets -set -filter {jtag_cable_name =~ "Digilent Zybo Z7 210351B7BC1AA" && level==0 && jtag_device_ctx=="jsn-Zybo Z7-210351B7BC1AA-23727093-0"}' command is executed.
15:15:18 INFO  : Device configured successfully with "C:/Users/marce/OneDrive/Dokumente/zynq_project/spi_to_dma/hellowrld/_ide/bitstream/spi_to_dma.bit"
15:15:18 INFO  : Context for 'APU' is selected.
15:15:18 INFO  : Hardware design and registers information is loaded from 'C:/Users/marce/OneDrive/Dokumente/zynq_project/spi_to_dma/spi_to_dma/export/spi_to_dma/hw/spi_to_dma.xsa'.
15:15:18 INFO  : 'configparams force-mem-access 1' command is executed.
15:15:18 INFO  : Context for 'APU' is selected.
15:15:18 INFO  : Sourcing of 'C:/Users/marce/OneDrive/Dokumente/zynq_project/spi_to_dma/hellowrld/_ide/psinit/ps7_init.tcl' is done.
15:15:19 INFO  : 'ps7_init' command is executed.
15:15:19 INFO  : 'ps7_post_config' command is executed.
15:15:19 INFO  : Context for processor 'ps7_cortexa9_0' is selected.
15:15:19 INFO  : The application 'C:/Users/marce/OneDrive/Dokumente/zynq_project/spi_to_dma/hellowrld/Debug/hellowrld.elf' is downloaded to processor 'ps7_cortexa9_0'.
15:15:19 INFO  : 'configparams force-mem-access 0' command is executed.
15:15:19 INFO  : ----------------XSDB Script----------------
connect -url tcp:127.0.0.1:3121
targets -set -nocase -filter {name =~"APU*"}
rst -system
after 3000
targets -set -filter {jtag_cable_name =~ "Digilent Zybo Z7 210351B7BC1AA" && level==0 && jtag_device_ctx=="jsn-Zybo Z7-210351B7BC1AA-23727093-0"}
fpga -file C:/Users/marce/OneDrive/Dokumente/zynq_project/spi_to_dma/hellowrld/_ide/bitstream/spi_to_dma.bit
targets -set -nocase -filter {name =~"APU*"}
loadhw -hw C:/Users/marce/OneDrive/Dokumente/zynq_project/spi_to_dma/spi_to_dma/export/spi_to_dma/hw/spi_to_dma.xsa -mem-ranges [list {0x40000000 0xbfffffff}] -regs
configparams force-mem-access 1
targets -set -nocase -filter {name =~"APU*"}
source C:/Users/marce/OneDrive/Dokumente/zynq_project/spi_to_dma/hellowrld/_ide/psinit/ps7_init.tcl
ps7_init
ps7_post_config
targets -set -nocase -filter {name =~ "*A9*#0"}
dow C:/Users/marce/OneDrive/Dokumente/zynq_project/spi_to_dma/hellowrld/Debug/hellowrld.elf
configparams force-mem-access 0
----------------End of Script----------------

15:15:19 INFO  : Context for processor 'ps7_cortexa9_0' is selected.
15:15:19 INFO  : 'con' command is executed.
15:15:19 INFO  : ----------------XSDB Script (After Launch)----------------
targets -set -nocase -filter {name =~ "*A9*#0"}
con
----------------End of Script----------------

15:15:19 INFO  : Launch script is exported to file 'C:\Users\marce\OneDrive\Dokumente\zynq_project\spi_to_dma\hellowrld_system\_ide\scripts\systemdebugger_hellowrld_system_standalone.tcl'
15:15:38 INFO  : Disconnected from the channel tcfchan#2.
15:15:38 INFO  : Connected to target on host '127.0.0.1' and port '3121'.
15:15:38 INFO  : Jtag cable 'Digilent Zybo Z7 210351B7BC1AA' is selected.
15:15:38 INFO  : 'jtag frequency' command is executed.
15:15:38 INFO  : Context for 'APU' is selected.
15:15:38 INFO  : System reset is completed.
15:15:41 INFO  : 'after 3000' command is executed.
15:15:41 INFO  : 'targets -set -filter {jtag_cable_name =~ "Digilent Zybo Z7 210351B7BC1AA" && level==0 && jtag_device_ctx=="jsn-Zybo Z7-210351B7BC1AA-23727093-0"}' command is executed.
15:15:43 INFO  : Device configured successfully with "C:/Users/marce/OneDrive/Dokumente/zynq_project/spi_to_dma/hellowrld/_ide/bitstream/spi_to_dma.bit"
15:15:43 INFO  : Context for 'APU' is selected.
15:15:43 INFO  : Hardware design and registers information is loaded from 'C:/Users/marce/OneDrive/Dokumente/zynq_project/spi_to_dma/spi_to_dma/export/spi_to_dma/hw/spi_to_dma.xsa'.
15:15:43 INFO  : 'configparams force-mem-access 1' command is executed.
15:15:43 INFO  : Context for 'APU' is selected.
15:15:43 INFO  : Sourcing of 'C:/Users/marce/OneDrive/Dokumente/zynq_project/spi_to_dma/hellowrld/_ide/psinit/ps7_init.tcl' is done.
15:15:44 INFO  : 'ps7_init' command is executed.
15:15:44 INFO  : 'ps7_post_config' command is executed.
15:15:44 INFO  : Context for processor 'ps7_cortexa9_0' is selected.
15:15:44 INFO  : The application 'C:/Users/marce/OneDrive/Dokumente/zynq_project/spi_to_dma/hellowrld/Debug/hellowrld.elf' is downloaded to processor 'ps7_cortexa9_0'.
15:15:44 INFO  : 'configparams force-mem-access 0' command is executed.
15:15:44 INFO  : ----------------XSDB Script----------------
connect -url tcp:127.0.0.1:3121
targets -set -nocase -filter {name =~"APU*"}
rst -system
after 3000
targets -set -filter {jtag_cable_name =~ "Digilent Zybo Z7 210351B7BC1AA" && level==0 && jtag_device_ctx=="jsn-Zybo Z7-210351B7BC1AA-23727093-0"}
fpga -file C:/Users/marce/OneDrive/Dokumente/zynq_project/spi_to_dma/hellowrld/_ide/bitstream/spi_to_dma.bit
targets -set -nocase -filter {name =~"APU*"}
loadhw -hw C:/Users/marce/OneDrive/Dokumente/zynq_project/spi_to_dma/spi_to_dma/export/spi_to_dma/hw/spi_to_dma.xsa -mem-ranges [list {0x40000000 0xbfffffff}] -regs
configparams force-mem-access 1
targets -set -nocase -filter {name =~"APU*"}
source C:/Users/marce/OneDrive/Dokumente/zynq_project/spi_to_dma/hellowrld/_ide/psinit/ps7_init.tcl
ps7_init
ps7_post_config
targets -set -nocase -filter {name =~ "*A9*#0"}
dow C:/Users/marce/OneDrive/Dokumente/zynq_project/spi_to_dma/hellowrld/Debug/hellowrld.elf
configparams force-mem-access 0
----------------End of Script----------------

15:15:44 INFO  : Context for processor 'ps7_cortexa9_0' is selected.
15:15:44 INFO  : 'con' command is executed.
15:15:44 INFO  : ----------------XSDB Script (After Launch)----------------
targets -set -nocase -filter {name =~ "*A9*#0"}
con
----------------End of Script----------------

15:15:44 INFO  : Launch script is exported to file 'C:\Users\marce\OneDrive\Dokumente\zynq_project\spi_to_dma\hellowrld_system\_ide\scripts\systemdebugger_hellowrld_system_standalone.tcl'
15:15:58 INFO  : Disconnected from the channel tcfchan#3.
15:15:58 INFO  : Connected to target on host '127.0.0.1' and port '3121'.
15:15:59 INFO  : Jtag cable 'Digilent Zybo Z7 210351B7BC1AA' is selected.
15:15:59 INFO  : 'jtag frequency' command is executed.
15:15:59 INFO  : Context for 'APU' is selected.
15:15:59 INFO  : System reset is completed.
15:16:02 INFO  : 'after 3000' command is executed.
15:16:02 INFO  : 'targets -set -filter {jtag_cable_name =~ "Digilent Zybo Z7 210351B7BC1AA" && level==0 && jtag_device_ctx=="jsn-Zybo Z7-210351B7BC1AA-23727093-0"}' command is executed.
15:16:04 INFO  : Device configured successfully with "C:/Users/marce/OneDrive/Dokumente/zynq_project/spi_to_dma/hellowrld/_ide/bitstream/spi_to_dma.bit"
15:16:04 INFO  : Context for 'APU' is selected.
15:16:04 INFO  : Hardware design and registers information is loaded from 'C:/Users/marce/OneDrive/Dokumente/zynq_project/spi_to_dma/spi_to_dma/export/spi_to_dma/hw/spi_to_dma.xsa'.
15:16:04 INFO  : 'configparams force-mem-access 1' command is executed.
15:16:04 INFO  : Context for 'APU' is selected.
15:16:04 INFO  : Sourcing of 'C:/Users/marce/OneDrive/Dokumente/zynq_project/spi_to_dma/hellowrld/_ide/psinit/ps7_init.tcl' is done.
15:16:05 INFO  : 'ps7_init' command is executed.
15:16:05 INFO  : 'ps7_post_config' command is executed.
15:16:05 INFO  : Context for processor 'ps7_cortexa9_0' is selected.
15:16:05 INFO  : The application 'C:/Users/marce/OneDrive/Dokumente/zynq_project/spi_to_dma/hellowrld/Debug/hellowrld.elf' is downloaded to processor 'ps7_cortexa9_0'.
15:16:05 INFO  : 'configparams force-mem-access 0' command is executed.
15:16:05 INFO  : ----------------XSDB Script----------------
connect -url tcp:127.0.0.1:3121
targets -set -nocase -filter {name =~"APU*"}
rst -system
after 3000
targets -set -filter {jtag_cable_name =~ "Digilent Zybo Z7 210351B7BC1AA" && level==0 && jtag_device_ctx=="jsn-Zybo Z7-210351B7BC1AA-23727093-0"}
fpga -file C:/Users/marce/OneDrive/Dokumente/zynq_project/spi_to_dma/hellowrld/_ide/bitstream/spi_to_dma.bit
targets -set -nocase -filter {name =~"APU*"}
loadhw -hw C:/Users/marce/OneDrive/Dokumente/zynq_project/spi_to_dma/spi_to_dma/export/spi_to_dma/hw/spi_to_dma.xsa -mem-ranges [list {0x40000000 0xbfffffff}] -regs
configparams force-mem-access 1
targets -set -nocase -filter {name =~"APU*"}
source C:/Users/marce/OneDrive/Dokumente/zynq_project/spi_to_dma/hellowrld/_ide/psinit/ps7_init.tcl
ps7_init
ps7_post_config
targets -set -nocase -filter {name =~ "*A9*#0"}
dow C:/Users/marce/OneDrive/Dokumente/zynq_project/spi_to_dma/hellowrld/Debug/hellowrld.elf
configparams force-mem-access 0
----------------End of Script----------------

15:16:05 INFO  : Context for processor 'ps7_cortexa9_0' is selected.
15:16:05 INFO  : 'con' command is executed.
15:16:05 INFO  : ----------------XSDB Script (After Launch)----------------
targets -set -nocase -filter {name =~ "*A9*#0"}
con
----------------End of Script----------------

15:16:05 INFO  : Launch script is exported to file 'C:\Users\marce\OneDrive\Dokumente\zynq_project\spi_to_dma\hellowrld_system\_ide\scripts\systemdebugger_hellowrld_system_standalone.tcl'
15:48:13 INFO  : Disconnected from the channel tcfchan#4.
08:45:39 DEBUG : Logs will be stored at 'C:/Users/marce/OneDrive/Dokumente/zynq_project/spi_to_dma/IDE.log'.
08:45:40 INFO  : Launching XSCT server: xsct.bat -n  -interactive C:\Users\marce\OneDrive\Dokumente\zynq_project\spi_to_dma\temp_xsdb_launch_script.tcl
08:45:43 INFO  : Platform repository initialization has completed.
08:45:44 INFO  : XSCT server has started successfully.
08:45:44 INFO  : plnx-install-location is set to ''
08:45:44 INFO  : Successfully done setting XSCT server connection channel  
08:45:44 INFO  : Successfully done setting workspace for the tool. 
08:45:45 INFO  : Successfully done query RDI_DATADIR 
08:45:45 INFO  : Registering command handlers for Vitis TCF services
08:51:48 INFO  : Result from executing command 'getProjects': spi_to_dma
08:51:48 INFO  : Result from executing command 'getPlatforms': spi_to_dma|C:/Users/marce/OneDrive/Dokumente/zynq_project/spi_to_dma/spi_to_dma/export/spi_to_dma/spi_to_dma.xpfm;xilinx_zcu102_base_202420_1|C:/Xilinx/Vitis/2024.2/base_platforms/xilinx_zcu102_base_202420_1/xilinx_zcu102_base_202420_1.xpfm;xilinx_zcu102_base_dfx_202420_1|C:/Xilinx/Vitis/2024.2/base_platforms/xilinx_zcu102_base_dfx_202420_1/xilinx_zcu102_base_dfx_202420_1.xpfm;xilinx_zcu104_base_202420_1|C:/Xilinx/Vitis/2024.2/base_platforms/xilinx_zcu104_base_202420_1/xilinx_zcu104_base_202420_1.xpfm
08:51:49 INFO  : Checking for BSP changes to sync application flags for project 'hellowrld'...
09:24:04 ERROR : Failed to update hardware specification for project 'spi_to_dma'.
Reason: Failed to execute command 'platform config -updatehw {C:/Users/marce/OneDrive/Dokumente/zynq_project/spi_to_dma/spi_to_dma.xsa}'. Click on details for more information.
09:26:11 INFO  : Result from executing command 'getProjects': spi_to_dma;spi_to_dma_new
09:26:11 INFO  : Result from executing command 'getPlatforms': spi_to_dma|C:/Users/marce/OneDrive/Dokumente/zynq_project/spi_to_dma/spi_to_dma/export/spi_to_dma/spi_to_dma.xpfm;xilinx_zcu102_base_202420_1|C:/Xilinx/Vitis/2024.2/base_platforms/xilinx_zcu102_base_202420_1/xilinx_zcu102_base_202420_1.xpfm;xilinx_zcu102_base_dfx_202420_1|C:/Xilinx/Vitis/2024.2/base_platforms/xilinx_zcu102_base_dfx_202420_1/xilinx_zcu102_base_dfx_202420_1.xpfm;xilinx_zcu104_base_202420_1|C:/Xilinx/Vitis/2024.2/base_platforms/xilinx_zcu104_base_202420_1/xilinx_zcu104_base_202420_1.xpfm
09:30:16 INFO  : Result from executing command 'getProjects': spi_to_dma;spi_to_dma_new
09:30:16 INFO  : Result from executing command 'getPlatforms': spi_to_dma_new|C:/Users/marce/OneDrive/Dokumente/zynq_project/spi_to_dma/spi_to_dma_new/export/spi_to_dma_new/spi_to_dma_new.xpfm;spi_to_dma|C:/Users/marce/OneDrive/Dokumente/zynq_project/spi_to_dma/spi_to_dma/export/spi_to_dma/spi_to_dma.xpfm;xilinx_zcu102_base_202420_1|C:/Xilinx/Vitis/2024.2/base_platforms/xilinx_zcu102_base_202420_1/xilinx_zcu102_base_202420_1.xpfm;xilinx_zcu102_base_dfx_202420_1|C:/Xilinx/Vitis/2024.2/base_platforms/xilinx_zcu102_base_dfx_202420_1/xilinx_zcu102_base_dfx_202420_1.xpfm;xilinx_zcu104_base_202420_1|C:/Xilinx/Vitis/2024.2/base_platforms/xilinx_zcu104_base_202420_1/xilinx_zcu104_base_202420_1.xpfm
09:30:16 INFO  : Checking for BSP changes to sync application flags for project 'spi_to_dma_new_new'...
09:51:33 INFO  : Hardware specification for platform project 'spi_to_dma' is updated.
09:55:52 ERROR : Failed to update hardware specification for project 'spi_to_dma'.
Reason: Failed to execute command 'platform config -updatehw {C:/Users/marce/OneDrive/Dokumente/zynq_project/spi_to_dma/spi_to_dma_wrapper.xsa}'. Click on details for more information.
09:58:06 ERROR : Failed to update hardware specification for project 'spi_to_dma'.
Reason: Failed to execute command 'platform config -updatehw {C:/Users/marce/OneDrive/Dokumente/zynq_project/spi_to_dma/spi_to_dma_wrapper.xsa}'. Click on details for more information.
09:58:21 ERROR : Failed to update hardware specification for project 'spi_to_dma_new'.
Reason: Failed to execute command 'platform config -updatehw {C:/Users/marce/OneDrive/Dokumente/zynq_project/spi_to_dma/spi_to_dma_wrapper.xsa}'. Click on details for more information.
09:59:05 WARN  : Failed to closehw "C:/Users/marce/OneDrive/Dokumente/zynq_project/spi_to_dma/spi_to_dma_new/hw/spi_to_dma_wrapper.xsa"
Reason: ERROR: [Common 17-39] 'hsi::close_hw_design' failed due to earlier errors.

09:59:21 ERROR : An unexpected exception occurred in the module 'platform project logging'
10:00:41 INFO  : Result from executing command 'getProjects': spi_to_dma
10:00:41 INFO  : Result from executing command 'getPlatforms': xilinx_zcu102_base_202420_1|C:/Xilinx/Vitis/2024.2/base_platforms/xilinx_zcu102_base_202420_1/xilinx_zcu102_base_202420_1.xpfm;xilinx_zcu102_base_dfx_202420_1|C:/Xilinx/Vitis/2024.2/base_platforms/xilinx_zcu102_base_dfx_202420_1/xilinx_zcu102_base_dfx_202420_1.xpfm;xilinx_zcu104_base_202420_1|C:/Xilinx/Vitis/2024.2/base_platforms/xilinx_zcu104_base_202420_1/xilinx_zcu104_base_202420_1.xpfm
10:03:37 INFO  : Result from executing command 'getProjects': spi_to_dma
10:03:37 INFO  : Result from executing command 'getPlatforms': spi_to_dma|C:/Users/marce/OneDrive/Dokumente/zynq_project/spi_to_dma/spi_to_dma/export/spi_to_dma/spi_to_dma.xpfm;xilinx_zcu102_base_202420_1|C:/Xilinx/Vitis/2024.2/base_platforms/xilinx_zcu102_base_202420_1/xilinx_zcu102_base_202420_1.xpfm;xilinx_zcu102_base_dfx_202420_1|C:/Xilinx/Vitis/2024.2/base_platforms/xilinx_zcu102_base_dfx_202420_1/xilinx_zcu102_base_dfx_202420_1.xpfm;xilinx_zcu104_base_202420_1|C:/Xilinx/Vitis/2024.2/base_platforms/xilinx_zcu104_base_202420_1/xilinx_zcu104_base_202420_1.xpfm
10:03:37 INFO  : Checking for BSP changes to sync application flags for project 'spi_to_dma_app'...
10:04:12 INFO  : Checking for BSP changes to sync application flags for project 'spi_to_dma_app'...
11:06:27 DEBUG : Logs will be stored at 'C:/Users/marce/OneDrive/Dokumente/zynq_project/spi_to_dma/IDE.log'.
11:06:29 INFO  : Launching XSCT server: xsct.bat -n  -interactive C:\Users\marce\OneDrive\Dokumente\zynq_project\spi_to_dma\temp_xsdb_launch_script.tcl
11:06:35 INFO  : XSCT server has started successfully.
11:06:35 INFO  : plnx-install-location is set to ''
11:06:35 INFO  : Successfully done setting XSCT server connection channel  
11:06:35 INFO  : Successfully done setting workspace for the tool. 
11:06:38 INFO  : Platform repository initialization has completed.
11:06:38 INFO  : Registering command handlers for Vitis TCF services
11:06:45 INFO  : Successfully done query RDI_DATADIR 
11:31:38 INFO  : Result from executing command 'getProjects': spi_to_dma;spi_to_dma_new
11:31:38 INFO  : Result from executing command 'getPlatforms': spi_to_dma|C:/Users/marce/OneDrive/Dokumente/zynq_project/spi_to_dma/spi_to_dma/export/spi_to_dma/spi_to_dma.xpfm;xilinx_zcu102_base_202420_1|C:/Xilinx/Vitis/2024.2/base_platforms/xilinx_zcu102_base_202420_1/xilinx_zcu102_base_202420_1.xpfm;xilinx_zcu102_base_dfx_202420_1|C:/Xilinx/Vitis/2024.2/base_platforms/xilinx_zcu102_base_dfx_202420_1/xilinx_zcu102_base_dfx_202420_1.xpfm;xilinx_zcu104_base_202420_1|C:/Xilinx/Vitis/2024.2/base_platforms/xilinx_zcu104_base_202420_1/xilinx_zcu104_base_202420_1.xpfm
11:31:39 INFO  : Checking for BSP changes to sync application flags for project 'spi_to_dma_app'...
11:35:37 INFO  : Checking for BSP changes to sync application flags for project 'spi_to_dma_app'...
11:36:31 INFO  : Checking for BSP changes to sync application flags for project 'spi_to_dma_app'...
11:37:06 INFO  : Checking for BSP changes to sync application flags for project 'spi_to_dma_app'...
11:39:03 INFO  : Checking for BSP changes to sync application flags for project 'spi_to_dma_app'...
13:39:40 DEBUG : Logs will be stored at 'C:/Users/marce/OneDrive/Dokumente/zynq_project/spi_to_dma/IDE.log'.
13:39:41 INFO  : Launching XSCT server: xsct.bat -n  -interactive C:\Users\marce\OneDrive\Dokumente\zynq_project\spi_to_dma\temp_xsdb_launch_script.tcl
13:39:44 INFO  : XSCT server has started successfully.
13:39:44 INFO  : plnx-install-location is set to ''
13:39:44 INFO  : Successfully done setting XSCT server connection channel  
13:39:44 INFO  : Successfully done setting workspace for the tool. 
13:39:45 INFO  : Platform repository initialization has completed.
13:39:46 INFO  : Registering command handlers for Vitis TCF services
13:39:52 INFO  : Successfully done query RDI_DATADIR 
17:09:38 INFO  : Checking for BSP changes to sync application flags for project 'spi_to_dma_app'...
17:17:17 INFO  : Checking for BSP changes to sync application flags for project 'spi_to_dma_app'...
17:32:57 INFO  : Checking for BSP changes to sync application flags for project 'spi_to_dma_app'...
17:34:21 INFO  : Checking for BSP changes to sync application flags for project 'spi_to_dma_app'...
17:35:05 INFO  : Checking for BSP changes to sync application flags for project 'spi_to_dma_app'...
17:36:17 INFO  : Checking for BSP changes to sync application flags for project 'spi_to_dma_app'...
17:37:30 INFO  : Checking for BSP changes to sync application flags for project 'spi_to_dma_app'...
17:41:29 INFO  : Checking for BSP changes to sync application flags for project 'spi_to_dma_app'...
17:43:12 INFO  : Checking for BSP changes to sync application flags for project 'spi_to_dma_app'...
17:44:39 INFO  : Checking for BSP changes to sync application flags for project 'spi_to_dma_app'...
17:45:56 INFO  : Checking for BSP changes to sync application flags for project 'spi_to_dma_app'...
17:46:58 INFO  : Checking for BSP changes to sync application flags for project 'spi_to_dma_app'...
17:57:26 INFO  : Checking for BSP changes to sync application flags for project 'spi_to_dma_app'...
18:00:03 INFO  : Checking for BSP changes to sync application flags for project 'spi_to_dma_app'...
18:00:54 INFO  : Checking for BSP changes to sync application flags for project 'spi_to_dma_app'...
18:06:29 INFO  : Checking for BSP changes to sync application flags for project 'spi_to_dma_app'...
18:07:35 INFO  : Checking for BSP changes to sync application flags for project 'spi_to_dma_app'...
18:10:35 INFO  : Checking for BSP changes to sync application flags for project 'spi_to_dma_app'...
18:19:36 INFO  : Checking for BSP changes to sync application flags for project 'spi_to_dma_app'...
18:26:26 INFO  : Checking for BSP changes to sync application flags for project 'spi_to_dma_app'...
18:32:19 INFO  : Checking for BSP changes to sync application flags for project 'spi_to_dma_app'...
18:32:43 INFO  : Checking for BSP changes to sync application flags for project 'spi_to_dma_app'...
18:34:43 INFO  : Checking for BSP changes to sync application flags for project 'spi_to_dma_app'...
18:35:38 INFO  : Checking for BSP changes to sync application flags for project 'spi_to_dma_app'...
