Copyright 1986-2022 Xilinx, Inc. All Rights Reserved. Copyright 2022-2024 Advanced Micro Devices, Inc. All Rights Reserved.
---------------------------------------------------------------------------------------------------------------------------------------------
| Tool Version : Vivado v.2024.2 (win64) Build 5239630 Fri Nov 08 22:35:27 MST 2024
| Date         : Fri Apr 25 14:03:33 2025
| Host         : LAPTOP-UKM8GMC3 running 64-bit major release  (build 9200)
| Command      : upgrade_ip
| Device       : xc7z020clg400-1
---------------------------------------------------------------------------------------------------------------------------------------------

Upgrade Log for IP 'spi_to_dma_spi_fifo_axis_module_0_0'

1. Summary
----------

CAUTION (success, with warnings) in the upgrade of spi_to_dma_spi_fifo_axis_module_0_0 (xilinx.com:user:spi_fifo_axis_module:1.0) from (Rev. 2) to (Rev. 3)

After upgrade, an IP may have parameter and port differences compared to the original customization. Please review the parameters within the IP customization GUI to ensure proper functionality. Also, please review the updated IP instantiation template to ensure proper connectivity, and update your design if required.

2. Connection Warnings
----------------------

Detected external port differences while upgrading 'spi_to_dma_spi_fifo_axis_module_0_0'. These changes may impact your design.


-Upgrade has removed port 'spi_interrupt'

-Upgrade has added port 'spi_intr'







Copyright 1986-2022 Xilinx, Inc. All Rights Reserved. Copyright 2022-2024 Advanced Micro Devices, Inc. All Rights Reserved.
---------------------------------------------------------------------------------------------------------------------------------------------
| Tool Version : Vivado v.2024.2 (win64) Build 5239630 Fri Nov 08 22:35:27 MST 2024
| Date         : Thu Apr 24 16:43:46 2025
| Host         : LAPTOP-UKM8GMC3 running 64-bit major release  (build 9200)
| Command      : upgrade_ip
| Device       : xc7z020clg400-1
---------------------------------------------------------------------------------------------------------------------------------------------

Upgrade Log for IP 'spi_to_dma_sandbox_spi_fifo_axis_0_0'

1. Summary
----------

SUCCESS in the update of spi_to_dma_sandbox_spi_fifo_axis_0_0 (xilinx.com:user:sandbox_spi_fifo_axis:1.0 (Rev. 2)) to current project options.

