
*** Running vivado
    with args -log spi_to_dma_spi_fifo_axis_module_0_0.vds -m64 -product Vivado -mode batch -messageDb vivado.pb -notrace -source spi_to_dma_spi_fifo_axis_module_0_0.tcl



****** Vivado v2024.2 (64-bit)
  **** SW Build 5239630 on Fri Nov 08 22:35:27 MST 2024
  **** IP Build 5239520 on Sun Nov 10 16:12:51 MST 2024
  **** SharedData Build 5239561 on Fri Nov 08 14:39:27 MST 2024
  **** Start of session at: Fri May 23 14:13:22 2025
    ** Copyright 1986-2022 Xilinx, Inc. All Rights Reserved.
    ** Copyright 2022-2024 Advanced Micro Devices, Inc. All Rights Reserved.

source spi_to_dma_spi_fifo_axis_module_0_0.tcl -notrace
INFO: [IP_Flow 19-234] Refreshing IP repositories
INFO: [IP_Flow 19-1700] Loaded user IP repository 'c:/Users/marce/OneDrive/Dokumente/zynq_project/ip/spi_fifo_axis'.
INFO: [IP_Flow 19-2313] Loaded Vivado IP repository 'C:/Xilinx/Vivado/2024.2/data/ip'.
INFO: [IP_Flow 19-6924] IPCACHE: Running cache check for IP inst: spi_to_dma_spi_fifo_axis_module_0_0
INFO: [IP_Flow 19-6922] IPCACHE: Exporting cached entry 5522ea932747dd2c to dir: C:/Users/marce/OneDrive/Dokumente/zynq_project/spi_to_dma/spi_to_dma.runs/spi_to_dma_spi_fifo_axis_module_0_0_synth_1
INFO: [IP_Flow 19-6928] IPCACHE: copied cached file c:/Users/marce/OneDrive/Dokumente/zynq_project/spi_to_dma/spi_to_dma.cache/ip/2024.2/5/5/5522ea932747dd2c/spi_to_dma_spi_fifo_axis_module_0_0.dcp to C:/Users/marce/OneDrive/Dokumente/zynq_project/spi_to_dma/spi_to_dma.runs/spi_to_dma_spi_fifo_axis_module_0_0_synth_1/spi_to_dma_spi_fifo_axis_module_0_0.dcp.
INFO: [IP_Flow 19-6928] IPCACHE: copied cached file c:/Users/marce/OneDrive/Dokumente/zynq_project/spi_to_dma/spi_to_dma.cache/ip/2024.2/5/5/5522ea932747dd2c/spi_to_dma_spi_fifo_axis_module_0_0_sim_netlist.v to C:/Users/marce/OneDrive/Dokumente/zynq_project/spi_to_dma/spi_to_dma.runs/spi_to_dma_spi_fifo_axis_module_0_0_synth_1/spi_to_dma_spi_fifo_axis_module_0_0_sim_netlist.v.
INFO: [IP_Flow 19-6928] IPCACHE: copied cached file c:/Users/marce/OneDrive/Dokumente/zynq_project/spi_to_dma/spi_to_dma.cache/ip/2024.2/5/5/5522ea932747dd2c/spi_to_dma_spi_fifo_axis_module_0_0_sim_netlist.vhdl to C:/Users/marce/OneDrive/Dokumente/zynq_project/spi_to_dma/spi_to_dma.runs/spi_to_dma_spi_fifo_axis_module_0_0_synth_1/spi_to_dma_spi_fifo_axis_module_0_0_sim_netlist.vhdl.
INFO: [IP_Flow 19-6928] IPCACHE: copied cached file c:/Users/marce/OneDrive/Dokumente/zynq_project/spi_to_dma/spi_to_dma.cache/ip/2024.2/5/5/5522ea932747dd2c/spi_to_dma_spi_fifo_axis_module_0_0_stub.v to C:/Users/marce/OneDrive/Dokumente/zynq_project/spi_to_dma/spi_to_dma.runs/spi_to_dma_spi_fifo_axis_module_0_0_synth_1/spi_to_dma_spi_fifo_axis_module_0_0_stub.v.
INFO: [IP_Flow 19-6928] IPCACHE: copied cached file c:/Users/marce/OneDrive/Dokumente/zynq_project/spi_to_dma/spi_to_dma.cache/ip/2024.2/5/5/5522ea932747dd2c/spi_to_dma_spi_fifo_axis_module_0_0_stub.vhdl to C:/Users/marce/OneDrive/Dokumente/zynq_project/spi_to_dma/spi_to_dma.runs/spi_to_dma_spi_fifo_axis_module_0_0_synth_1/spi_to_dma_spi_fifo_axis_module_0_0_stub.vhdl.
INFO: [IP_Flow 19-4838] Using cached IP synthesis design for IP spi_to_dma_spi_fifo_axis_module_0_0, cache-ID = 5522ea932747dd2c.
INFO: [Common 17-206] Exiting Vivado at Fri May 23 14:13:30 2025...
