Copyright 1986-2022 Xilinx, Inc. All Rights Reserved. Copyright 2022-2024 Advanced Micro Devices, Inc. All Rights Reserved.
----------------------------------------------------------------------------------------------------------------------------------------------------------------------------------
| Tool Version     : Vivado v.2024.2 (win64) Build 5239630 Fri Nov 08 22:35:27 MST 2024
| Date             : Mon Aug 18 13:17:00 2025
| Host             : LAPTOP-UKM8GMC3 running 64-bit major release  (build 9200)
| Command          : report_power -file LVDS_to_AXIS_wrapper_power_routed.rpt -pb LVDS_to_AXIS_wrapper_power_summary_routed.pb -rpx LVDS_to_AXIS_wrapper_power_routed.rpx
| Design           : LVDS_to_AXIS_wrapper
| Device           : xc7z020clg484-1
| Design State     : routed
| Grade            : commercial
| Process          : typical
| Characterization : Production
----------------------------------------------------------------------------------------------------------------------------------------------------------------------------------

Power Report

Table of Contents
-----------------
1. Summary
1.1 On-Chip Components
1.2 Power Supply Summary
1.3 Confidence Level
2. Settings
2.1 Environment
2.2 Clock Constraints
3. Detailed Reports
3.1 By Hierarchy

1. Summary
----------

+--------------------------+--------------+
| Total On-Chip Power (W)  | 0.315        |
| Design Power Budget (W)  | Unspecified* |
| Power Budget Margin (W)  | NA           |
| Dynamic (W)              | 0.205        |
| Device Static (W)        | 0.110        |
| Effective TJA (C/W)      | 11.5         |
| Max Ambient (C)          | 81.4         |
| Junction Temperature (C) | 28.6         |
| Confidence Level         | Low          |
| Setting File             | ---          |
| Simulation Activity File | ---          |
| Design Nets Matched      | NA           |
+--------------------------+--------------+
* Specify Design Power Budget using, set_operating_conditions -design_power_budget <value in Watts>


1.1 On-Chip Components
----------------------

+--------------------------+-----------+----------+-----------+-----------------+
| On-Chip                  | Power (W) | Used     | Available | Utilization (%) |
+--------------------------+-----------+----------+-----------+-----------------+
| Clocks                   |     0.027 |        6 |       --- |             --- |
| Slice Logic              |     0.004 |     7322 |       --- |             --- |
|   LUT as Logic           |     0.004 |     2162 |     53200 |            4.06 |
|   Register               |    <0.001 |     3738 |    106400 |            3.51 |
|   LUT as Shift Register  |    <0.001 |      249 |     17400 |            1.43 |
|   CARRY4                 |    <0.001 |       72 |     13300 |            0.54 |
|   BUFG                   |    <0.001 |        2 |        32 |            6.25 |
|   LUT as Distributed RAM |    <0.001 |       24 |     17400 |            0.14 |
|   F7/F8 Muxes            |    <0.001 |       15 |     53200 |            0.03 |
|   Others                 |     0.000 |      458 |       --- |             --- |
| Signals                  |     0.006 |     5389 |       --- |             --- |
| Block RAM                |     0.002 |        4 |       140 |            2.86 |
| MMCM                     |     0.106 |        1 |         4 |           25.00 |
| I/O                      |     0.059 |       87 |       200 |           43.50 |
| Static Power             |     0.110 |          |           |                 |
| Total                    |     0.315 |          |           |                 |
+--------------------------+-----------+----------+-----------+-----------------+


1.2 Power Supply Summary
------------------------

+-----------+-------------+-----------+-------------+------------+-------------+-------------+------------+
| Source    | Voltage (V) | Total (A) | Dynamic (A) | Static (A) | Powerup (A) | Budget (A)  | Margin (A) |
+-----------+-------------+-----------+-------------+------------+-------------+-------------+------------+
| Vccint    |       1.000 |     0.049 |       0.041 |      0.008 |       NA    | Unspecified | NA         |
| Vccaux    |       1.800 |     0.073 |       0.062 |      0.011 |       NA    | Unspecified | NA         |
| Vcco33    |       3.300 |     0.000 |       0.000 |      0.000 |       NA    | Unspecified | NA         |
| Vcco25    |       2.500 |     0.020 |       0.019 |      0.001 |       NA    | Unspecified | NA         |
| Vcco18    |       1.800 |     0.004 |       0.003 |      0.001 |       NA    | Unspecified | NA         |
| Vcco15    |       1.500 |     0.000 |       0.000 |      0.000 |       NA    | Unspecified | NA         |
| Vcco135   |       1.350 |     0.000 |       0.000 |      0.000 |       NA    | Unspecified | NA         |
| Vcco12    |       1.200 |     0.000 |       0.000 |      0.000 |       NA    | Unspecified | NA         |
| Vccaux_io |       1.800 |     0.000 |       0.000 |      0.000 |       NA    | Unspecified | NA         |
| Vccbram   |       1.000 |     0.001 |       0.000 |      0.001 |       NA    | Unspecified | NA         |
| MGTAVcc   |       1.000 |     0.000 |       0.000 |      0.000 |       NA    | Unspecified | NA         |
| MGTAVtt   |       1.200 |     0.000 |       0.000 |      0.000 |       NA    | Unspecified | NA         |
| MGTVccaux |       1.800 |     0.000 |       0.000 |      0.000 |       NA    | Unspecified | NA         |
| Vccpint   |       1.000 |     0.018 |       0.000 |      0.018 |       NA    | Unspecified | NA         |
| Vccpaux   |       1.800 |     0.010 |       0.000 |      0.010 |       NA    | Unspecified | NA         |
| Vccpll    |       1.800 |     0.003 |       0.000 |      0.003 |       NA    | Unspecified | NA         |
| Vcco_ddr  |       1.500 |     0.000 |       0.000 |      0.000 |       NA    | Unspecified | NA         |
| Vcco_mio0 |       1.800 |     0.000 |       0.000 |      0.000 |       NA    | Unspecified | NA         |
| Vcco_mio1 |       1.800 |     0.000 |       0.000 |      0.000 |       NA    | Unspecified | NA         |
| Vccadc    |       1.800 |     0.020 |       0.000 |      0.020 |       NA    | Unspecified | NA         |
+-----------+-------------+-----------+-------------+------------+-------------+-------------+------------+


1.3 Confidence Level
--------------------

+-----------------------------+------------+--------------------------------------------------------+--------------------------------------------------------------------------------------------------------------------+
| User Input Data             | Confidence | Details                                                | Action                                                                                                             |
+-----------------------------+------------+--------------------------------------------------------+--------------------------------------------------------------------------------------------------------------------+
| Design implementation state | High       | Design is routed                                       |                                                                                                                    |
| Clock nodes activity        | Medium     | More than 5% of clocks are missing user specification  | Provide missing clock activity with a constraint file, simulation results or by editing the "By Clock Domain" view |
| I/O nodes activity          | Low        | More than 75% of inputs are missing user specification | Provide missing input activity with simulation results or by editing the "By Resource Type -> I/Os" view           |
| Internal nodes activity     | Medium     | User specified less than 25% of internal nodes         | Provide missing internal nodes activity with simulation results or by editing the "By Resource Type" views         |
| Device models               | High       | Device models are Production                           |                                                                                                                    |
|                             |            |                                                        |                                                                                                                    |
| Overall confidence level    | Low        |                                                        |                                                                                                                    |
+-----------------------------+------------+--------------------------------------------------------+--------------------------------------------------------------------------------------------------------------------+


2. Settings
-----------

2.1 Environment
---------------

+-----------------------+------------------------+
| Ambient Temp (C)      | 25.0                   |
| ThetaJA (C/W)         | 11.5                   |
| Airflow (LFM)         | 250                    |
| Heat Sink             | none                   |
| ThetaSA (C/W)         | 0.0                    |
| Board Selection       | medium (10"x10")       |
| # of Board Layers     | 8to11 (8 to 11 Layers) |
| Board Temperature (C) | 25.0                   |
+-----------------------+------------------------+


2.2 Clock Constraints
---------------------

+--------------------------------------------------------------------------------------------+-------------------------------------------------------------------+-----------------+
| Clock                                                                                      | Domain                                                            | Constraint (ns) |
+--------------------------------------------------------------------------------------------+-------------------------------------------------------------------+-----------------+
| LVDS_to_AXIS_i/clk_wiz_0/inst/clk_in1                                                      | clk_IBUF_BUFG                                                     |            10.0 |
| clk_out1_LVDS_to_AXIS_clk_wiz_0_0                                                          | LVDS_to_AXIS_i/clk_wiz_0/inst/clk_out1_LVDS_to_AXIS_clk_wiz_0_0   |             5.0 |
| clkfbout_LVDS_to_AXIS_clk_wiz_0_0                                                          | LVDS_to_AXIS_i/clk_wiz_0/inst/clkfbout_LVDS_to_AXIS_clk_wiz_0_0   |            10.0 |
| dbg_hub/inst/BSCANID.u_xsdbm_id/SWITCH_N_EXT_BSCAN.bscan_inst/SERIES7_BSCAN.bscan_inst/TCK | dbg_hub/inst/BSCANID.u_xsdbm_id/SWITCH_N_EXT_BSCAN.bscan_inst/TCK |            33.0 |
+--------------------------------------------------------------------------------------------+-------------------------------------------------------------------+-----------------+


3. Detailed Reports
-------------------

3.1 By Hierarchy
----------------

+--------------------------+-----------+
| Name                     | Power (W) |
+--------------------------+-----------+
| LVDS_to_AXIS_wrapper     |     0.205 |
|   LVDS_to_AXIS_i         |     0.194 |
|     axis_data_fifo_0     |     0.003 |
|       inst               |     0.003 |
|     clk_wiz_0            |     0.107 |
|       inst               |     0.107 |
|     frame                |     0.005 |
|       inst               |     0.005 |
|     ila_0                |     0.016 |
|       inst               |     0.016 |
|     ila_1                |     0.013 |
|       inst               |     0.013 |
|     l_clk_in             |     0.005 |
|       inst               |     0.005 |
|     l_clk_out            |     0.038 |
|       inst               |     0.038 |
|     lvds_master_0        |     0.002 |
|       inst               |     0.002 |
|     sdo                  |     0.005 |
|       inst               |     0.005 |
|   dbg_hub                |     0.005 |
|     inst                 |     0.005 |
|       BSCANID.u_xsdbm_id |     0.005 |
+--------------------------+-----------+


