#-----------------------------------------------------------
# Vivado v2024.2 (64-bit)
# SW Build 5239630 on Fri Nov 08 22:35:27 MST 2024
# IP Build 5239520 on Sun Nov 10 16:12:51 MST 2024
# SharedData Build 5239561 on Fri Nov 08 14:39:27 MST 2024
# Start of session at: Fri Apr 25 13:29:49 2025
# Process ID         : 14120
# Current directory  : C:/Users/marce/OneDrive/Dokumente/zynq_project/spi_to_axis_development
# Command line       : vivado.exe -gui_launcher_event rodinguilauncherevent22780 C:\Users\marce\OneDrive\Dokumente\zynq_project\spi_to_axis_development\spi_to_axis_development.xpr
# Log file           : C:/Users/marce/OneDrive/Dokumente/zynq_project/spi_to_axis_development/vivado.log
# Journal file       : C:/Users/marce/OneDrive/Dokumente/zynq_project/spi_to_axis_development\vivado.jou
# Running On         : LAPTOP-UKM8GMC3
# Platform           : Windows Server 2016 or Windows 10
# Operating System   : 26100
# Processor Detail   : AMD Ryzen 7 4800U with Radeon Graphics         
# CPU Frequency      : 1797 MHz
# CPU Physical cores : 8
# CPU Logical cores  : 16
# Host memory        : 16499 MB
# Swap memory        : 5474 MB
# Total Virtual      : 21974 MB
# Available Virtual  : 4498 MB
#-----------------------------------------------------------
start_gui
open_project C:/Users/marce/OneDrive/Dokumente/zynq_project/spi_to_axis_development/spi_to_axis_development.xpr
WARNING: [Board 49-26] cannot add Board Part xilinx.com:zcu208ld:part0:2.0 available at C:/Xilinx/Vivado/2024.2/data/xhub/boards/XilinxBoardStore/boards/Xilinx/zcu208ld/production/2.0/board.xml as part xczu58dr-fsvg1517-2-i specified in board_part file is either invalid or not available
WARNING: [Board 49-26] cannot add Board Part xilinx.com:zcu216ld:part0:2.0 available at C:/Xilinx/Vivado/2024.2/data/xhub/boards/XilinxBoardStore/boards/Xilinx/zcu216ld/production/2.0/board.xml as part xczu59dr-ffvf1760-2-i specified in board_part file is either invalid or not available
WARNING: [Board 49-26] cannot add Board Part xilinx.com:zcu670ld:part0:1.0 available at C:/Xilinx/Vivado/2024.2/data/xhub/boards/XilinxBoardStore/boards/Xilinx/zcu670ld/1.0/board.xml as part xczu57dr-fsve1156-2-i specified in board_part file is either invalid or not available
INFO: [Project 1-313] Project file moved from 'C:/Users/marce/OneDrive/Desktop/zync_proj/2024.2/zybo_z7_20/spi_to_axis_development' since last save.
INFO: [filemgmt 56-1] Board Part Repository Path: Directory not found as 'C:/AppData/Roaming/Xilinx/Vivado/2024.2/xhub/board_store/xilinx_board_store'; using path 'C:/Users/marce/AppData/Roaming/Xilinx/Vivado/2024.2/xhub/board_store/xilinx_board_store' instead.
INFO: [filemgmt 56-1] IP Repository Path: Directory not found as 'C:/AppData/Roaming/Xilinx/ip_repo'; using path 'C:/Users/marce/AppData/Roaming/Xilinx/ip_repo' instead.
Scanning sources...
Finished scanning sources
INFO: [IP_Flow 19-234] Refreshing IP repositories
INFO: [IP_Flow 19-1700] Loaded user IP repository 'c:/Users/marce/OneDrive/Dokumente/zynq_project/spi_fifo_axis_module'.
INFO: [IP_Flow 19-1700] Loaded user IP repository 'c:/Users/marce/OneDrive/Dokumente/zynq_project/ip'.
INFO: [IP_Flow 19-1700] Loaded user IP repository 'c:/Users/marce/AppData/Roaming/Xilinx/ip_repo'.
INFO: [IP_Flow 19-1700] Loaded user IP repository 'c:/Users/marce/OneDrive/Dokumente/zynq_project/ip_repo/spi_to_ip_1_0'.
INFO: [IP_Flow 19-2313] Loaded Vivado IP repository 'C:/Xilinx/Vivado/2024.2/data/ip'.
WARNING: [IP_Flow 19-3664] IP 'spi_fifo_axis_module_axi_stream_master_0_0' generated file not found 'c:/Users/marce/OneDrive/Dokumente/zynq_project/spi_to_axis_development/spi_to_axis_development.gen/sources_1/bd/spi_fifo_axis_module/ip/spi_fifo_axis_module_axi_stream_master_0_0/spi_fifo_axis_module_axi_stream_master_0_0.dcp'. Please regenerate to continue.
WARNING: [IP_Flow 19-3664] IP 'spi_fifo_axis_module_axi_stream_master_0_0' generated file not found 'c:/Users/marce/OneDrive/Dokumente/zynq_project/spi_to_axis_development/spi_to_axis_development.gen/sources_1/bd/spi_fifo_axis_module/ip/spi_fifo_axis_module_axi_stream_master_0_0/spi_fifo_axis_module_axi_stream_master_0_0_stub.v'. Please regenerate to continue.
WARNING: [IP_Flow 19-3664] IP 'spi_fifo_axis_module_axi_stream_master_0_0' generated file not found 'c:/Users/marce/OneDrive/Dokumente/zynq_project/spi_to_axis_development/spi_to_axis_development.gen/sources_1/bd/spi_fifo_axis_module/ip/spi_fifo_axis_module_axi_stream_master_0_0/spi_fifo_axis_module_axi_stream_master_0_0_stub.vhdl'. Please regenerate to continue.
WARNING: [IP_Flow 19-3664] IP 'spi_fifo_axis_module_axi_stream_master_0_0' generated file not found 'c:/Users/marce/OneDrive/Dokumente/zynq_project/spi_to_axis_development/spi_to_axis_development.gen/sources_1/bd/spi_fifo_axis_module/ip/spi_fifo_axis_module_axi_stream_master_0_0/spi_fifo_axis_module_axi_stream_master_0_0_sim_netlist.v'. Please regenerate to continue.
WARNING: [IP_Flow 19-3664] IP 'spi_fifo_axis_module_axi_stream_master_0_0' generated file not found 'c:/Users/marce/OneDrive/Dokumente/zynq_project/spi_to_axis_development/spi_to_axis_development.gen/sources_1/bd/spi_fifo_axis_module/ip/spi_fifo_axis_module_axi_stream_master_0_0/spi_fifo_axis_module_axi_stream_master_0_0_sim_netlist.vhdl'. Please regenerate to continue.
INFO: [Project 1-5579] Found utility IPs instantiated in one or more block designs which have equivalent inline hdl with improved performance and reduced diskspace. It is recommended to migrate these utility IPs to inline hdl using the command upgrade_project -migrate_to_inline_hdl. The utility IPs may be deprecated in future releases. More information on inline hdl is available in UG994.
open_project: Time (s): cpu = 00:00:16 ; elapsed = 00:00:08 . Memory (MB): peak = 1314.949 ; gain = 185.348
update_compile_order -fileset sources_1
reset_run spi_fifo_axis_module_axi_stream_master_0_0_synth_1
reset_run synth_1
launch_runs synth_1 -jobs 8
WARNING: [HDL 9-3756] overwriting previous definition of module 'sandbox_spi_fifo_axis_wrapper' [C:/Users/marce/OneDrive/Dokumente/zynq_project/spi_to_axis_development/spi_to_axis_development.srcs/sources_1/imports/hdl/sandbox_spi_fifo_axis_wrapper.v:13]
WARNING: [filemgmt 20-1318] Duplicate Design Unit 'sandbox_spi_fifo_axis_wrapper()' found in library 'xil_defaultlib'
Duplicate found at line 13 of file C:/Users/marce/OneDrive/Dokumente/zynq_project/spi_to_axis_development/spi_to_axis_development.gen/sources_1/bd/sandbox_spi_fifo_axis/hdl/sandbox_spi_fifo_axis_wrapper.v
	(Active) Duplicate found at line 13 of file C:/Users/marce/OneDrive/Dokumente/zynq_project/spi_to_axis_development/spi_to_axis_development.srcs/sources_1/imports/hdl/sandbox_spi_fifo_axis_wrapper.v
[Fri Apr 25 13:32:06 2025] Launched spi_fifo_axis_module_axi_stream_master_0_0_synth_1...
Run output will be captured here: C:/Users/marce/OneDrive/Dokumente/zynq_project/spi_to_axis_development/spi_to_axis_development.runs/spi_fifo_axis_module_axi_stream_master_0_0_synth_1/runme.log
[Fri Apr 25 13:32:06 2025] Launched synth_1...
Run output will be captured here: C:/Users/marce/OneDrive/Dokumente/zynq_project/spi_to_axis_development/spi_to_axis_development.runs/synth_1/runme.log
ipx::package_project -root_dir C:/Users/marce/OneDrive/Dokumente/zynq_project/spi_to_axis_module -vendor xilinx.com -library user -taxonomy /UserIP -module spi_fifo_axis_module -import_files
INFO: [xilinx.com:ip:fifo_generator:13.2-5968] /fifo_generator_0Executing the post_config_ip from bd
INFO: [BD 41-1637] Generated targets are already up-to-date for block design 'spi_fifo_axis_module' - hence not re-generating.
WARNING: [IP_Flow 19-4963] spi_fifo_axis_module_fifo_generator_0_0 has board value specified. The packaged IP will be restricted to usage with board 'digilentinc.com:zybo-z7-20:part0:1.1'
WARNING: [IP_Flow 19-11888] Component Definition 'xilinx.com:user:spi_fifo_axis_module:1.0 (spi_fifo_axis_module_v1_0)': IP description "spi_fifo_axis_module_v1_0" is not meaningful: same as name or display name
INFO: [IP_Flow 19-7067] Note that bus interface 'm_axis_0' has a fixed FREQ_HZ of '100000000'. This value will be respected whenever this IP is instantiated in IP Integrator.
INFO: [IP_Flow 19-7067] Note that bus interface 'CLK.READ_CLOCK' has a fixed FREQ_HZ of '100000000'. This value will be respected whenever this IP is instantiated in IP Integrator.
INFO: [IP_Flow 19-7067] Note that bus interface 'CLK.SPI_SCLK' has a fixed FREQ_HZ of '100000000'. This value will be respected whenever this IP is instantiated in IP Integrator.
INFO: [IP_Flow 19-7067] Note that bus interface 'CLK.WRITE_CLOCK' has a fixed FREQ_HZ of '100000000'. This value will be respected whenever this IP is instantiated in IP Integrator.
WARNING: [IP_Flow 19-5661] Bus Interface 'CLK.WRITE_CLOCK' does not have any bus interfaces associated with it.
INFO: [IP_Flow 19-2181] Payment is not required for this core.
WARNING: [IP_Flow 19-2187] The Product Guide file is missing.
set_property ipi_drc {ignore_freq_hz false} [ipx::find_open_core xilinx.com:user:spi_fifo_axis_module:1.0]
set_property ipi_drc {ignore_freq_hz true} [ipx::find_open_core xilinx.com:user:spi_fifo_axis_module:1.0]
set_property core_revision 2 [ipx::find_open_core xilinx.com:user:spi_fifo_axis_module:1.0]
ipx::create_xgui_files [ipx::find_open_core xilinx.com:user:spi_fifo_axis_module:1.0]
ipx::update_checksums [ipx::find_open_core xilinx.com:user:spi_fifo_axis_module:1.0]
ipx::check_integrity [ipx::find_open_core xilinx.com:user:spi_fifo_axis_module:1.0]
WARNING: [IP_Flow 19-11888] Component Definition 'xilinx.com:user:spi_fifo_axis_module:1.0 (spi_fifo_axis_module_v1_0)': IP description "spi_fifo_axis_module_v1_0" is not meaningful: same as name or display name
WARNING: [IP_Flow 19-5661] Bus Interface 'CLK.WRITE_CLOCK' does not have any bus interfaces associated with it.
INFO: [IP_Flow 19-2181] Payment is not required for this core.
WARNING: [IP_Flow 19-2187] The Product Guide file is missing.
INFO: [Ipptcl 7-1486] check_integrity: Integrity check passed.
ipx::save_core [ipx::find_open_core xilinx.com:user:spi_fifo_axis_module:1.0]
set_property  ip_repo_paths  {c:/Users/marce/OneDrive/Dokumente/zynq_project/spi_to_axis_module c:/Users/marce/OneDrive/Dokumente/zynq_project/spi_fifo_axis_module c:/Users/marce/OneDrive/Dokumente/zynq_project/ip c:/Users/marce/AppData/Roaming/Xilinx/ip_repo c:/Users/marce/OneDrive/Dokumente/zynq_project/ip_repo/spi_to_ip_1_0} [current_project]
update_ip_catalog
INFO: [IP_Flow 19-234] Refreshing IP repositories
INFO: [IP_Flow 19-1700] Loaded user IP repository 'c:/Users/marce/OneDrive/Dokumente/zynq_project/spi_to_axis_module'.
INFO: [IP_Flow 19-1700] Loaded user IP repository 'c:/Users/marce/OneDrive/Dokumente/zynq_project/spi_fifo_axis_module'.
INFO: [IP_Flow 19-1700] Loaded user IP repository 'c:/Users/marce/OneDrive/Dokumente/zynq_project/ip'.
INFO: [IP_Flow 19-1700] Loaded user IP repository 'c:/Users/marce/AppData/Roaming/Xilinx/ip_repo'.
INFO: [IP_Flow 19-1700] Loaded user IP repository 'c:/Users/marce/OneDrive/Dokumente/zynq_project/ip_repo/spi_to_ip_1_0'.
WARNING: [IP_Flow 19-1663] Duplicate IP found for 'xilinx.com:user:spi_fifo_axis_module:1.0'. The one found in IP location 'c:/Users/marce/OneDrive/Dokumente/zynq_project/spi_to_axis_module' will take precedence over the same IP in location c:/Users/marce/OneDrive/Dokumente/zynq_project/spi_fifo_axis_module
set_property core_revision 3 [ipx::find_open_core xilinx.com:user:spi_fifo_axis_module:1.0]
ipx::create_xgui_files [ipx::find_open_core xilinx.com:user:spi_fifo_axis_module:1.0]
ipx::update_checksums [ipx::find_open_core xilinx.com:user:spi_fifo_axis_module:1.0]
ipx::check_integrity [ipx::find_open_core xilinx.com:user:spi_fifo_axis_module:1.0]
WARNING: [IP_Flow 19-11888] Component Definition 'xilinx.com:user:spi_fifo_axis_module:1.0 (spi_fifo_axis_module_v1_0)': IP description "spi_fifo_axis_module_v1_0" is not meaningful: same as name or display name
WARNING: [IP_Flow 19-5661] Bus Interface 'CLK.WRITE_CLOCK' does not have any bus interfaces associated with it.
INFO: [IP_Flow 19-2181] Payment is not required for this core.
WARNING: [IP_Flow 19-2187] The Product Guide file is missing.
INFO: [Ipptcl 7-1486] check_integrity: Integrity check passed.
ipx::save_core [ipx::find_open_core xilinx.com:user:spi_fifo_axis_module:1.0]
update_ip_catalog -rebuild -repo_path c:/Users/marce/OneDrive/Dokumente/zynq_project/spi_to_axis_module
INFO: [IP_Flow 19-725] Reloaded user IP repository 'c:/Users/marce/OneDrive/Dokumente/zynq_project/spi_to_axis_module'
WARNING: [IP_Flow 19-1663] Duplicate IP found for 'xilinx.com:user:spi_fifo_axis_module:1.0'. The one found in IP location 'c:/Users/marce/OneDrive/Dokumente/zynq_project/spi_to_axis_module' will take precedence over the same IP in location c:/Users/marce/OneDrive/Dokumente/zynq_project/spi_fifo_axis_module
exit
INFO: [Common 17-206] Exiting Vivado at Fri Apr 25 13:54:53 2025...
